#
# There is insufficient memory for the Java Runtime Environment to continue.
# Native memory allocation (malloc) failed to allocate 1048576 bytes. Error detail: AllocateHeap
# Possible reasons:
#   The system is out of physical RAM or swap space
#   This process is running with CompressedOops enabled, and the Java Heap may be blocking the growth of the native heap
# Possible solutions:
#   Reduce memory load on the system
#   Increase physical memory or swap space
#   Check if swap backing store is full
#   Decrease Java heap size (-Xmx/-Xms)
#   Decrease number of Java threads
#   Decrease Java thread stack sizes (-Xss)
#   Set larger code cache with -XX:ReservedCodeCacheSize=
#   JVM is running with Unscaled Compressed Oops mode in which the Java heap is
#     placed in the first 4GB address space. The Java Heap base address is the
#     maximum limit for the native heap growth. Please use -XX:HeapBaseMinAddress
#     to set the Java Heap base and to place the Java Heap above 4GB virtual address.
# This output file may be truncated or incomplete.
#
#  Out of Memory Error (allocation.cpp:44), pid=23008, tid=25304
#
# JRE version: OpenJDK Runtime Environment Temurin-21.0.11+10 (21.0.11+10) (build 21.0.11+10-LTS)
# Java VM: OpenJDK 64-Bit Server VM Temurin-21.0.11+10 (21.0.11+10-LTS, mixed mode, sharing, tiered, compressed oops, compressed class ptrs, parallel gc, windows-amd64)
# No core dump will be written. Minidumps are not enabled by default on client versions of Windows
#

---------------  S U M M A R Y ------------

Command Line: --add-modules=ALL-SYSTEM --add-opens=java.base/java.util=ALL-UNNAMED --add-opens=java.base/java.lang=ALL-UNNAMED --add-opens=java.base/sun.nio.fs=ALL-UNNAMED -Declipse.application=org.eclipse.jdt.ls.core.id1 -Dosgi.bundles.defaultStartLevel=4 -Declipse.product=org.eclipse.jdt.ls.core.product -Djava.import.generatesMetadataFilesAtProjectRoot=false -DDetectVMInstallationsJob.disabled=true -Dfile.encoding=utf8 -XX:+UseParallelGC -XX:GCTimeRatio=4 -XX:AdaptiveSizePolicyWeight=90 -Dsun.zip.disableMemoryMapping=true -Xmx2G -Xms100m -Xlog:disable -javaagent:c:\Users\harih\.vscode\extensions\redhat.java-1.55.0-win32-x64\lombok\lombok-1.18.39-4050.jar -XX:+HeapDumpOnOutOfMemoryError -XX:HeapDumpPath=c:\Users\harih\AppData\Roaming\Code\User\workspaceStorage\0c793caedbd332c6f4d1b4298d784989\redhat.java -Daether.dependencyCollector.impl=bf c:\Users\harih\.vscode\extensions\redhat.java-1.55.0-win32-x64\server\plugins\org.eclipse.equinox.launcher_1.7.200.v20260619-2039.jar -configuration c:\Users\harih\AppData\Roaming\Code\User\globalStorage\redhat.java\1.55.0\config_win -data c:\Users\harih\AppData\Roaming\Code\User\workspaceStorage\0c793caedbd332c6f4d1b4298d784989\redhat.java\jdt_ws --pipe=\\.\pipe\lsp-9fa7c67c3774d305641f1b71705c0bc9-sock

Host: 13th Gen Intel(R) Core(TM) i5-1335U, 12 cores, 7G,  Windows 11 , 64 bit Build 26100 (10.0.26100.8521)
Time: Mon Jul  6 11:44:14 2026 India Standard Time elapsed time: 335.444042 seconds (0d 0h 5m 35s)

---------------  T H R E A D  ---------------

Current thread (0x000002585ccd85b0):  JavaThread "Attach Listener" daemon [_thread_in_vm, id=25304, stack(0x00000083f4e00000,0x00000083f4f00000) (1024K)]

Stack: [0x00000083f4e00000,0x00000083f4f00000]
Native frames: (J=compiled Java code, j=interpreted, Vv=VM code, C=native code)
V  [jvm.dll+0x6d7e19]
V  [jvm.dll+0x8b5096]
V  [jvm.dll+0x8b764e]
V  [jvm.dll+0x8b7d33]
V  [jvm.dll+0x284596]
V  [jvm.dll+0xc13c7]
V  [jvm.dll+0x6d86c9]
V  [jvm.dll+0x133616]
V  [jvm.dll+0x3f868e]
V  [jvm.dll+0x85fb0d]
V  [jvm.dll+0x6d664d]
C  [ucrtbase.dll+0x2cd30]
C  [KERNEL32.DLL+0x2e957]
C  [ntdll.dll+0x87c1c]


---------------  P R O C E S S  ---------------

Threads class SMR info:
_java_thread_list=0x000002587a25bf60, length=41, elements={
0x000002585cc2ad20, 0x000002585cbdda80, 0x000002585cccff70, 0x000002585ccd4470,
0x000002585ccd85b0, 0x000002585ccda4d0, 0x000002585ccde8b0, 0x000002585cce4760,
0x000002585cceb140, 0x0000025874bb8860, 0x000002587a020090, 0x000002587a30c440,
0x000002587a7d8780, 0x000002587a4c8bc0, 0x000002587a4cbf00, 0x000002587aec9750,
0x000002587ae45780, 0x000002587aec80c0, 0x000002587ab1e840, 0x000002587ab1db20,
0x0000025874b3a170, 0x0000025874b3a800, 0x0000025874b39ae0, 0x0000025874b3b520,
0x0000025874b3bbb0, 0x0000025874b38730, 0x0000025874b3c240, 0x0000025874b38dc0,
0x0000025874b3dc80, 0x0000025874b3e310, 0x0000025874b3c8d0, 0x0000025874b3cf60,
0x0000025874b3d5f0, 0x0000025874b3e9a0, 0x0000025874b3f030, 0x000002587e6b0d30,
0x000002587e6b2e00, 0x000002587e6b13c0, 0x000002587a60d550, 0x000002587a60ef90,
0x000002587beda1a0
}

Java Threads: ( => current thread )
  0x000002585cc2ad20 JavaThread "main"                              [_thread_blocked, id=12824, stack(0x00000083f4700000,0x00000083f4800000) (1024K)]
  0x000002585cbdda80 JavaThread "Reference Handler"          daemon [_thread_blocked, id=26800, stack(0x00000083f4b00000,0x00000083f4c00000) (1024K)]
  0x000002585cccff70 JavaThread "Finalizer"                  daemon [_thread_blocked, id=9460, stack(0x00000083f4c00000,0x00000083f4d00000) (1024K)]
  0x000002585ccd4470 JavaThread "Signal Dispatcher"          daemon [_thread_blocked, id=9308, stack(0x00000083f4d00000,0x00000083f4e00000) (1024K)]
=>0x000002585ccd85b0 JavaThread "Attach Listener"            daemon [_thread_in_vm, id=25304, stack(0x00000083f4e00000,0x00000083f4f00000) (1024K)]
  0x000002585ccda4d0 JavaThread "Service Thread"             daemon [_thread_blocked, id=24060, stack(0x00000083f4f00000,0x00000083f5000000) (1024K)]
  0x000002585ccde8b0 JavaThread "Monitor Deflation Thread"   daemon [_thread_blocked, id=25788, stack(0x00000083f5000000,0x00000083f5100000) (1024K)]
  0x000002585cce4760 JavaThread "C2 CompilerThread0"         daemon [_thread_blocked, id=18716, stack(0x00000083f5100000,0x00000083f5200000) (1024K)]
  0x000002585cceb140 JavaThread "C1 CompilerThread0"         daemon [_thread_blocked, id=21516, stack(0x00000083f5200000,0x00000083f5300000) (1024K)]
  0x0000025874bb8860 JavaThread "Common-Cleaner"             daemon [_thread_blocked, id=4576, stack(0x00000083f5300000,0x00000083f5400000) (1024K)]
  0x000002587a020090 JavaThread "Notification Thread"        daemon [_thread_blocked, id=17220, stack(0x00000083f5400000,0x00000083f5500000) (1024K)]
  0x000002587a30c440 JavaThread "Active Thread: Equinox Container: aa3a055b-0025-41cf-bdf1-d460edefbd13"        [_thread_blocked, id=8916, stack(0x00000083f5b00000,0x00000083f5c00000) (1024K)]
  0x000002587a7d8780 JavaThread "Refresh Thread: Equinox Container: aa3a055b-0025-41cf-bdf1-d460edefbd13" daemon [_thread_blocked, id=4184, stack(0x00000083f5d00000,0x00000083f5e00000) (1024K)]
  0x000002587a4c8bc0 JavaThread "Framework Event Dispatcher: Equinox Container: aa3a055b-0025-41cf-bdf1-d460edefbd13" daemon [_thread_blocked, id=19516, stack(0x00000083f5e00000,0x00000083f5f00000) (1024K)]
  0x000002587a4cbf00 JavaThread "Start Level: Equinox Container: aa3a055b-0025-41cf-bdf1-d460edefbd13" daemon [_thread_blocked, id=19928, stack(0x00000083f5f00000,0x00000083f6000000) (1024K)]
  0x000002587aec9750 JavaThread "Bundle File Closer"         daemon [_thread_blocked, id=22764, stack(0x00000083f6200000,0x00000083f6300000) (1024K)]
  0x000002587ae45780 JavaThread "SCR Component Actor"        daemon [_thread_blocked, id=5872, stack(0x00000083f6300000,0x00000083f6400000) (1024K)]
  0x000002587aec80c0 JavaThread "Worker-JM"                         [_thread_blocked, id=26148, stack(0x00000083f6500000,0x00000083f6600000) (1024K)]
  0x000002587ab1e840 JavaThread "JNA Cleaner"                daemon [_thread_blocked, id=22488, stack(0x00000083f6400000,0x00000083f6500000) (1024K)]
  0x000002587ab1db20 JavaThread "Worker-2"                          [_thread_blocked, id=29336, stack(0x00000083f6800000,0x00000083f6900000) (1024K)]
  0x0000025874b3a170 JavaThread "Java indexing"              daemon [_thread_blocked, id=25740, stack(0x00000083f6c00000,0x00000083f6d00000) (1024K)]
  0x0000025874b3a800 JavaThread "Worker-4"                          [_thread_blocked, id=27168, stack(0x00000083f6d00000,0x00000083f6e00000) (1024K)]
  0x0000025874b39ae0 JavaThread "Thread-1"                   daemon [_thread_in_native, id=26824, stack(0x00000083f7200000,0x00000083f7300000) (1024K)]
  0x0000025874b3b520 JavaThread "Thread-2"                   daemon [_thread_in_native, id=10692, stack(0x00000083f7300000,0x00000083f7400000) (1024K)]
  0x0000025874b3bbb0 JavaThread "Thread-3"                   daemon [_thread_in_native, id=26492, stack(0x00000083f7400000,0x00000083f7500000) (1024K)]
  0x0000025874b38730 JavaThread "Thread-4"                   daemon [_thread_in_native, id=8776, stack(0x00000083f7500000,0x00000083f7600000) (1024K)]
  0x0000025874b3c240 JavaThread "Thread-5"                   daemon [_thread_in_native, id=23648, stack(0x00000083f7600000,0x00000083f7700000) (1024K)]
  0x0000025874b38dc0 JavaThread "Thread-6"                   daemon [_thread_in_native, id=4380, stack(0x00000083f7700000,0x00000083f7800000) (1024K)]
  0x0000025874b3dc80 JavaThread "Thread-7"                   daemon [_thread_in_native, id=28012, stack(0x00000083f7800000,0x00000083f7900000) (1024K)]
  0x0000025874b3e310 JavaThread "Thread-8"                   daemon [_thread_in_native, id=27572, stack(0x00000083f7900000,0x00000083f7a00000) (1024K)]
  0x0000025874b3c8d0 JavaThread "Thread-9"                   daemon [_thread_in_native, id=12376, stack(0x00000083f7a00000,0x00000083f7b00000) (1024K)]
  0x0000025874b3cf60 JavaThread "Thread-10"                  daemon [_thread_in_native, id=28740, stack(0x00000083f7b00000,0x00000083f7c00000) (1024K)]
  0x0000025874b3d5f0 JavaThread "Thread-11"                  daemon [_thread_in_native, id=23884, stack(0x00000083f7c00000,0x00000083f7d00000) (1024K)]
  0x0000025874b3e9a0 JavaThread "Thread-12"                  daemon [_thread_in_native, id=24648, stack(0x00000083f7d00000,0x00000083f7e00000) (1024K)]
  0x0000025874b3f030 JavaThread "Thread-13"                  daemon [_thread_in_native, id=23032, stack(0x00000083f7e00000,0x00000083f7f00000) (1024K)]
  0x000002587e6b0d30 JavaThread "pool-2-thread-1"                   [_thread_blocked, id=18880, stack(0x00000083f7f00000,0x00000083f8000000) (1024K)]
  0x000002587e6b2e00 JavaThread "WorkspaceEventsHandler"            [_thread_blocked, id=10220, stack(0x00000083f8000000,0x00000083f8100000) (1024K)]
  0x000002587e6b13c0 JavaThread "pool-1-thread-1"                   [_thread_blocked, id=13720, stack(0x00000083f8100000,0x00000083f8200000) (1024K)]
  0x000002587a60d550 JavaThread "PatternSearchJob-worker-1"  daemon [_thread_blocked, id=27028, stack(0x00000083f8c00000,0x00000083f8d00000) (1024K)]
  0x000002587a60ef90 JavaThread "PatternSearchJob-worker-2"  daemon [_thread_blocked, id=21644, stack(0x00000083f8d00000,0x00000083f8e00000) (1024K)]
  0x000002587beda1a0 JavaThread "ForkJoinPool.commonPool-worker-6" daemon [_thread_blocked, id=28956, stack(0x00000083f9700000,0x00000083f9800000) (1024K)]
Total: 41

Other Threads:
  0x000002585cbc45c0 VMThread "VM Thread"                           [id=7120, stack(0x00000083f4a00000,0x00000083f4b00000) (1024K)]
  0x000002585cabcb30 WatcherThread "VM Periodic Task Thread"        [id=1456, stack(0x00000083f4900000,0x00000083f4a00000) (1024K)]
  0x000002585cc49fb0 WorkerThread "GC Thread#0"                     [id=10412, stack(0x00000083f4800000,0x00000083f4900000) (1024K)]
  0x000002587a048220 WorkerThread "GC Thread#1"                     [id=23776, stack(0x00000083f5500000,0x00000083f5600000) (1024K)]
  0x000002587a0234b0 WorkerThread "GC Thread#2"                     [id=10452, stack(0x00000083f5600000,0x00000083f5700000) (1024K)]
  0x000002587a030690 WorkerThread "GC Thread#3"                     [id=2248, stack(0x00000083f5700000,0x00000083f5800000) (1024K)]
  0x000002587a286cb0 WorkerThread "GC Thread#4"                     [id=26116, stack(0x00000083f5800000,0x00000083f5900000) (1024K)]
  0x000002587a287060 WorkerThread "GC Thread#5"                     [id=5624, stack(0x00000083f5900000,0x00000083f5a00000) (1024K)]
  0x000002587a04bf70 WorkerThread "GC Thread#6"                     [id=22900, stack(0x00000083f5a00000,0x00000083f5b00000) (1024K)]
  0x000002587a5fe920 WorkerThread "GC Thread#7"                     [id=21700, stack(0x00000083f5c00000,0x00000083f5d00000) (1024K)]
  0x000002587af33810 WorkerThread "GC Thread#8"                     [id=25716, stack(0x00000083f6000000,0x00000083f6100000) (1024K)]
  0x000002587a908090 WorkerThread "GC Thread#9"                     [id=25572, stack(0x00000083f6100000,0x00000083f6200000) (1024K)]
Total: 12

Threads with active compile tasks:
Total: 0

VM state: not at safepoint (normal execution)

VM Mutex/Monitor currently owned by a thread: None

Heap address: 0x0000000080000000, size: 2048 MB, Compressed Oops mode: 32-bit

CDS archive(s) mapped at: [0x0000025800000000-0x0000025800ba0000-0x0000025800ba0000), size 12189696, SharedBaseAddress: 0x0000025800000000, ArchiveRelocationMode: 1.
Compressed class space mapped at: 0x0000025801000000-0x0000025841000000, reserved size: 1073741824
Narrow klass base: 0x0000025800000000, Narrow klass shift: 0, Narrow klass range: 0x100000000

GC Precious Log:
 CardTable entry size: 512
 CPUs: 12 total, 12 available
 Memory: 7835M
 Large Page Support: Disabled
 NUMA Support: Disabled
 Compressed Oops: Enabled (32-bit)
 Alignments: Space 512K, Generation 512K, Heap 2M
 Heap Min Capacity: 100M
 Heap Initial Capacity: 100M
 Heap Max Capacity: 2G
 Pre-touch: Disabled
 Parallel Workers: 10

Heap:
 PSYoungGen      total 15872K, used 5459K [0x00000000d5580000, 0x00000000d6c00000, 0x0000000100000000)
  eden space 14848K, 30% used [0x00000000d5580000,0x00000000d59dc158,0x00000000d6400000)
  from space 1024K, 97% used [0x00000000d6780000,0x00000000d6878d60,0x00000000d6880000)
  to   space 3584K, 0% used [0x00000000d6400000,0x00000000d6400000,0x00000000d6780000)
 ParOldGen       total 68608K, used 44859K [0x0000000080000000, 0x0000000084300000, 0x00000000d5580000)
  object space 68608K, 65% used [0x0000000080000000,0x0000000082bcecb0,0x0000000084300000)
 Metaspace       used 63078K, committed 64384K, reserved 1114112K
  class space    used 6708K, committed 7296K, reserved 1048576K

Card table byte_map: [0x000002585c5d0000,0x000002585c9e0000] _byte_map_base: 0x000002585c1d0000

Marking Bits: (ParMarkBitMap*) 0x00007ff9097c4460
 Begin Bits: [0x000002586f0e0000, 0x00000258710e0000)
 End Bits:   [0x00000258710e0000, 0x00000258730e0000)

Polling page: 0x000002585a830000

Metaspace:

Usage:
  Non-class:     55.05 MB used.
      Class:      6.55 MB used.
       Both:     61.60 MB used.

Virtual space:
  Non-class space:       64.00 MB reserved,      55.75 MB ( 87%) committed,  1 nodes.
      Class space:        1.00 GB reserved,       7.12 MB ( <1%) committed,  1 nodes.
             Both:        1.06 GB reserved,      62.88 MB (  6%) committed. 

Chunk freelists:
   Non-Class:  8.06 MB
       Class:  8.84 MB
        Both:  16.90 MB

MaxMetaspaceSize: unlimited
CompressedClassSpaceSize: 1.00 GB
Initial GC threshold: 21.00 MB
Current GC threshold: 97.31 MB
CDS: on
 - commit_granule_bytes: 65536.
 - commit_granule_words: 8192.
 - virtual_space_node_default_size: 8388608.
 - enlarge_chunks_in_place: 1.
 - use_allocation_guard: 0.


Internal statistics:

num_allocs_failed_limit: 9.
num_arena_births: 1048.
num_arena_deaths: 40.
num_vsnodes_births: 2.
num_vsnodes_deaths: 0.
num_space_committed: 1006.
num_space_uncommitted: 0.
num_chunks_returned_to_freelist: 58.
num_chunks_taken_from_freelist: 4165.
num_chunk_merges: 12.
num_chunk_splits: 2430.
num_chunks_enlarged: 1238.
num_inconsistent_stats: 0.

CodeHeap 'non-profiled nmethods': size=120000Kb used=5450Kb max_used=5450Kb free=114549Kb
 bounds [0x0000025867900000, 0x0000025867e60000, 0x000002586ee30000]
CodeHeap 'profiled nmethods': size=120000Kb used=18363Kb max_used=18363Kb free=101636Kb
 bounds [0x000002585fe30000, 0x0000025861020000, 0x0000025867360000]
CodeHeap 'non-nmethods': size=5760Kb used=1438Kb max_used=1511Kb free=4321Kb
 bounds [0x0000025867360000, 0x00000258675d0000, 0x0000025867900000]
CodeCache: size=245760Kb, used=25251Kb, max_used=25324Kb, free=220506Kb
 total_blobs=9041, nmethods=8284, adapters=663, full_count=0
Compilation: enabled, stopped_count=0, restarted_count=0

Compilation events (20 events):
Event: 315.115 Thread 0x000002585cceb140 nmethod 9028 0x000002586101c010 code [0x000002586101c2a0, 0x000002586101cca0]
Event: 315.115 Thread 0x000002585cceb140 9030       3       java.lang.invoke.VarHandleByteArrayAsShorts$ArrayHandle::set (39 bytes)
Event: 315.116 Thread 0x000002585cceb140 nmethod 9030 0x000002586101d190 code [0x000002586101d360, 0x000002586101d738]
Event: 315.127 Thread 0x000002585cce4760 nmethod 9019 0x0000025867e4e890 code [0x0000025867e4eac0, 0x0000025867e4f388]
Event: 315.128 Thread 0x000002585cce4760 9026       4       java.io.DataOutputStream::writeInt (28 bytes)
Event: 315.158 Thread 0x000002585cceb140 9031       3       com.sun.jna.Memory::getInt (14 bytes)
Event: 315.159 Thread 0x000002585cceb140 nmethod 9031 0x000002586101d910 code [0x000002586101dac0, 0x000002586101dce0]
Event: 315.173 Thread 0x000002585cceb140 9032       3       java.util.ArrayList::sort (45 bytes)
Event: 315.175 Thread 0x000002585cceb140 nmethod 9032 0x000002586101de10 code [0x000002586101dfe0, 0x000002586101e260]
Event: 315.190 Thread 0x000002585cce4760 nmethod 9026 0x0000025867e4fa90 code [0x0000025867e4fd60, 0x0000025867e50a98]
Event: 315.191 Thread 0x000002585cce4760 9022       4       java.io.DataOutputStream::writeByte (14 bytes)
Event: 315.216 Thread 0x000002585cce4760 nmethod 9022 0x0000025867e51690 code [0x0000025867e518e0, 0x0000025867e51f18]
Event: 315.217 Thread 0x000002585cce4760 9029       4       java.io.DataOutputStream::incCount (20 bytes)
Event: 315.218 Thread 0x000002585cce4760 nmethod 9029 0x0000025867e52590 code [0x0000025867e52720, 0x0000025867e527d0]
Event: 315.293 Thread 0x000002585cceb140 9033       1       org.eclipse.core.internal.jobs.InternalJob::getListeners (5 bytes)
Event: 315.293 Thread 0x000002585cceb140 nmethod 9033 0x0000025867e52890 code [0x0000025867e52a20, 0x0000025867e52ae8]
Event: 325.939 Thread 0x000002585cceb140 9034       3       java.nio.DirectByteBuffer$Deallocator::run (23 bytes)
Event: 325.941 Thread 0x000002585cceb140 nmethod 9034 0x000002586101e390 code [0x000002586101e580, 0x000002586101e8f0]
Event: 325.941 Thread 0x000002585cceb140 9035       3       java.util.concurrent.atomic.AtomicLong::decrementAndGet (16 bytes)
Event: 325.941 Thread 0x000002585cceb140 nmethod 9035 0x000002586101ea90 code [0x000002586101ec20, 0x000002586101ed48]

GC Heap History (20 events):
Event: 29.203 GC heap before
{Heap before GC invocations=32 (full 2):
 PSYoungGen      total 21504K, used 20898K [0x00000000d5580000, 0x00000000d6c00000, 0x0000000100000000)
  eden space 19968K, 99% used [0x00000000d5580000,0x00000000d68e3e88,0x00000000d6900000)
  from space 1536K, 67% used [0x00000000d6900000,0x00000000d6a04bf8,0x00000000d6a80000)
  to   space 1536K, 0% used [0x00000000d6a80000,0x00000000d6a80000,0x00000000d6c00000)
 ParOldGen       total 68608K, used 40268K [0x0000000080000000, 0x0000000084300000, 0x00000000d5580000)
  object space 68608K, 58% used [0x0000000080000000,0x00000000827531d0,0x0000000084300000)
 Metaspace       used 55200K, committed 56512K, reserved 1114112K
  class space    used 5938K, committed 6528K, reserved 1048576K
}
Event: 29.214 GC heap after
{Heap after GC invocations=32 (full 2):
 PSYoungGen      total 17408K, used 1517K [0x00000000d5580000, 0x00000000d7400000, 0x0000000100000000)
  eden space 15872K, 0% used [0x00000000d5580000,0x00000000d5580000,0x00000000d6500000)
  from space 1536K, 98% used [0x00000000d6a80000,0x00000000d6bfb670,0x00000000d6c00000)
  to   space 5632K, 0% used [0x00000000d6500000,0x00000000d6500000,0x00000000d6a80000)
 ParOldGen       total 68608K, used 43664K [0x0000000080000000, 0x0000000084300000, 0x00000000d5580000)
  object space 68608K, 63% used [0x0000000080000000,0x0000000082aa4288,0x0000000084300000)
 Metaspace       used 55200K, committed 56512K, reserved 1114112K
  class space    used 5938K, committed 6528K, reserved 1048576K
}
Event: 29.403 GC heap before
{Heap before GC invocations=33 (full 2):
 PSYoungGen      total 17408K, used 17389K [0x00000000d5580000, 0x00000000d7400000, 0x0000000100000000)
  eden space 15872K, 100% used [0x00000000d5580000,0x00000000d6500000,0x00000000d6500000)
  from space 1536K, 98% used [0x00000000d6a80000,0x00000000d6bfb670,0x00000000d6c00000)
  to   space 5632K, 0% used [0x00000000d6500000,0x00000000d6500000,0x00000000d6a80000)
 ParOldGen       total 68608K, used 43664K [0x0000000080000000, 0x0000000084300000, 0x00000000d5580000)
  object space 68608K, 63% used [0x0000000080000000,0x0000000082aa4288,0x0000000084300000)
 Metaspace       used 55228K, committed 56576K, reserved 1114112K
  class space    used 5942K, committed 6528K, reserved 1048576K
}
Event: 29.408 GC heap after
{Heap after GC invocations=33 (full 2):
 PSYoungGen      total 16896K, used 617K [0x00000000d5580000, 0x00000000d6b00000, 0x0000000100000000)
  eden space 15872K, 0% used [0x00000000d5580000,0x00000000d5580000,0x00000000d6500000)
  from space 1024K, 60% used [0x00000000d6500000,0x00000000d659a6d8,0x00000000d6600000)
  to   space 2560K, 0% used [0x00000000d6880000,0x00000000d6880000,0x00000000d6b00000)
 ParOldGen       total 68608K, used 45234K [0x0000000080000000, 0x0000000084300000, 0x00000000d5580000)
  object space 68608K, 65% used [0x0000000080000000,0x0000000082c2cb90,0x0000000084300000)
 Metaspace       used 55228K, committed 56576K, reserved 1114112K
  class space    used 5942K, committed 6528K, reserved 1048576K
}
Event: 29.602 GC heap before
{Heap before GC invocations=34 (full 2):
 PSYoungGen      total 16896K, used 16489K [0x00000000d5580000, 0x00000000d6b00000, 0x0000000100000000)
  eden space 15872K, 100% used [0x00000000d5580000,0x00000000d6500000,0x00000000d6500000)
  from space 1024K, 60% used [0x00000000d6500000,0x00000000d659a6d8,0x00000000d6600000)
  to   space 2560K, 0% used [0x00000000d6880000,0x00000000d6880000,0x00000000d6b00000)
 ParOldGen       total 68608K, used 45234K [0x0000000080000000, 0x0000000084300000, 0x00000000d5580000)
  object space 68608K, 65% used [0x0000000080000000,0x0000000082c2cb90,0x0000000084300000)
 Metaspace       used 55846K, committed 57152K, reserved 1114112K
  class space    used 5994K, committed 6592K, reserved 1048576K
}
Event: 29.605 GC heap after
{Heap after GC invocations=34 (full 2):
 PSYoungGen      total 16384K, used 288K [0x00000000d5580000, 0x00000000d6900000, 0x0000000100000000)
  eden space 15872K, 0% used [0x00000000d5580000,0x00000000d5580000,0x00000000d6500000)
  from space 512K, 56% used [0x00000000d6880000,0x00000000d68c8000,0x00000000d6900000)
  to   space 1024K, 0% used [0x00000000d6700000,0x00000000d6700000,0x00000000d6800000)
 ParOldGen       total 68608K, used 45258K [0x0000000080000000, 0x0000000084300000, 0x00000000d5580000)
  object space 68608K, 65% used [0x0000000080000000,0x0000000082c32b90,0x0000000084300000)
 Metaspace       used 55846K, committed 57152K, reserved 1114112K
  class space    used 5994K, committed 6592K, reserved 1048576K
}
Event: 30.940 GC heap before
{Heap before GC invocations=35 (full 2):
 PSYoungGen      total 16384K, used 16160K [0x00000000d5580000, 0x00000000d6900000, 0x0000000100000000)
  eden space 15872K, 100% used [0x00000000d5580000,0x00000000d6500000,0x00000000d6500000)
  from space 512K, 56% used [0x00000000d6880000,0x00000000d68c8000,0x00000000d6900000)
  to   space 1024K, 0% used [0x00000000d6700000,0x00000000d6700000,0x00000000d6800000)
 ParOldGen       total 68608K, used 45258K [0x0000000080000000, 0x0000000084300000, 0x00000000d5580000)
  object space 68608K, 65% used [0x0000000080000000,0x0000000082c32b90,0x0000000084300000)
 Metaspace       used 57602K, committed 58944K, reserved 1114112K
  class space    used 6223K, committed 6784K, reserved 1048576K
}
Event: 30.943 GC heap after
{Heap after GC invocations=35 (full 2):
 PSYoungGen      total 16896K, used 736K [0x00000000d5580000, 0x00000000d6900000, 0x0000000100000000)
  eden space 15872K, 0% used [0x00000000d5580000,0x00000000d5580000,0x00000000d6500000)
  from space 1024K, 71% used [0x00000000d6700000,0x00000000d67b8040,0x00000000d6800000)
  to   space 1024K, 0% used [0x00000000d6800000,0x00000000d6800000,0x00000000d6900000)
 ParOldGen       total 68608K, used 45298K [0x0000000080000000, 0x0000000084300000, 0x00000000d5580000)
  object space 68608K, 66% used [0x0000000080000000,0x0000000082c3cb90,0x0000000084300000)
 Metaspace       used 57602K, committed 58944K, reserved 1114112K
  class space    used 6223K, committed 6784K, reserved 1048576K
}
Event: 31.436 GC heap before
{Heap before GC invocations=36 (full 2):
 PSYoungGen      total 16896K, used 7344K [0x00000000d5580000, 0x00000000d6900000, 0x0000000100000000)
  eden space 15872K, 41% used [0x00000000d5580000,0x00000000d5bf4238,0x00000000d6500000)
  from space 1024K, 71% used [0x00000000d6700000,0x00000000d67b8040,0x00000000d6800000)
  to   space 1024K, 0% used [0x00000000d6800000,0x00000000d6800000,0x00000000d6900000)
 ParOldGen       total 68608K, used 45298K [0x0000000080000000, 0x0000000084300000, 0x00000000d5580000)
  object space 68608K, 66% used [0x0000000080000000,0x0000000082c3cb90,0x0000000084300000)
 Metaspace       used 58418K, committed 59776K, reserved 1114112K
  class space    used 6320K, committed 6912K, reserved 1048576K
}
Event: 31.440 GC heap after
{Heap after GC invocations=36 (full 2):
 PSYoungGen      total 16896K, used 816K [0x00000000d5580000, 0x00000000d6900000, 0x0000000100000000)
  eden space 15872K, 0% used [0x00000000d5580000,0x00000000d5580000,0x00000000d6500000)
  from space 1024K, 79% used [0x00000000d6800000,0x00000000d68cc010,0x00000000d6900000)
  to   space 1024K, 0% used [0x00000000d6700000,0x00000000d6700000,0x00000000d6800000)
 ParOldGen       total 68608K, used 45722K [0x0000000080000000, 0x0000000084300000, 0x00000000d5580000)
  object space 68608K, 66% used [0x0000000080000000,0x0000000082ca6830,0x0000000084300000)
 Metaspace       used 58418K, committed 59776K, reserved 1114112K
  class space    used 6320K, committed 6912K, reserved 1048576K
}
Event: 31.440 GC heap before
{Heap before GC invocations=37 (full 3):
 PSYoungGen      total 16896K, used 816K [0x00000000d5580000, 0x00000000d6900000, 0x0000000100000000)
  eden space 15872K, 0% used [0x00000000d5580000,0x00000000d5580000,0x00000000d6500000)
  from space 1024K, 79% used [0x00000000d6800000,0x00000000d68cc010,0x00000000d6900000)
  to   space 1024K, 0% used [0x00000000d6700000,0x00000000d6700000,0x00000000d6800000)
 ParOldGen       total 68608K, used 45722K [0x0000000080000000, 0x0000000084300000, 0x00000000d5580000)
  object space 68608K, 66% used [0x0000000080000000,0x0000000082ca6830,0x0000000084300000)
 Metaspace       used 58418K, committed 59776K, reserved 1114112K
  class space    used 6320K, committed 6912K, reserved 1048576K
}
Event: 31.648 GC heap after
{Heap after GC invocations=37 (full 3):
 PSYoungGen      total 16896K, used 0K [0x00000000d5580000, 0x00000000d6900000, 0x0000000100000000)
  eden space 15872K, 0% used [0x00000000d5580000,0x00000000d5580000,0x00000000d6500000)
  from space 1024K, 0% used [0x00000000d6800000,0x00000000d6800000,0x00000000d6900000)
  to   space 1024K, 0% used [0x00000000d6700000,0x00000000d6700000,0x00000000d6800000)
 ParOldGen       total 68608K, used 40472K [0x0000000080000000, 0x0000000084300000, 0x00000000d5580000)
  object space 68608K, 58% used [0x0000000080000000,0x00000000827860f8,0x0000000084300000)
 Metaspace       used 58418K, committed 59776K, reserved 1114112K
  class space    used 6320K, committed 6912K, reserved 1048576K
}
Event: 32.487 GC heap before
{Heap before GC invocations=38 (full 3):
 PSYoungGen      total 16896K, used 15872K [0x00000000d5580000, 0x00000000d6900000, 0x0000000100000000)
  eden space 15872K, 100% used [0x00000000d5580000,0x00000000d6500000,0x00000000d6500000)
  from space 1024K, 0% used [0x00000000d6800000,0x00000000d6800000,0x00000000d6900000)
  to   space 1024K, 0% used [0x00000000d6700000,0x00000000d6700000,0x00000000d6800000)
 ParOldGen       total 68608K, used 40472K [0x0000000080000000, 0x0000000084300000, 0x00000000d5580000)
  object space 68608K, 58% used [0x0000000080000000,0x0000000082786150,0x0000000084300000)
 Metaspace       used 59519K, committed 60864K, reserved 1114112K
  class space    used 6423K, committed 7040K, reserved 1048576K
}
Event: 32.492 GC heap after
{Heap after GC invocations=38 (full 3):
 PSYoungGen      total 16896K, used 1022K [0x00000000d5580000, 0x00000000d6900000, 0x0000000100000000)
  eden space 15872K, 0% used [0x00000000d5580000,0x00000000d5580000,0x00000000d6500000)
  from space 1024K, 99% used [0x00000000d6700000,0x00000000d67ff958,0x00000000d6800000)
  to   space 1024K, 0% used [0x00000000d6800000,0x00000000d6800000,0x00000000d6900000)
 ParOldGen       total 68608K, used 41245K [0x0000000080000000, 0x0000000084300000, 0x00000000d5580000)
  object space 68608K, 60% used [0x0000000080000000,0x00000000828475e0,0x0000000084300000)
 Metaspace       used 59519K, committed 60864K, reserved 1114112K
  class space    used 6423K, committed 7040K, reserved 1048576K
}
Event: 32.965 GC heap before
{Heap before GC invocations=39 (full 3):
 PSYoungGen      total 16896K, used 16894K [0x00000000d5580000, 0x00000000d6900000, 0x0000000100000000)
  eden space 15872K, 100% used [0x00000000d5580000,0x00000000d6500000,0x00000000d6500000)
  from space 1024K, 99% used [0x00000000d6700000,0x00000000d67ff958,0x00000000d6800000)
  to   space 1024K, 0% used [0x00000000d6800000,0x00000000d6800000,0x00000000d6900000)
 ParOldGen       total 68608K, used 41366K [0x0000000080000000, 0x0000000084300000, 0x00000000d5580000)
  object space 68608K, 60% used [0x0000000080000000,0x0000000082865b30,0x0000000084300000)
 Metaspace       used 60981K, committed 62336K, reserved 1114112K
  class space    used 6535K, committed 7104K, reserved 1048576K
}
Event: 32.969 GC heap after
{Heap after GC invocations=39 (full 3):
 PSYoungGen      total 16896K, used 752K [0x00000000d5580000, 0x00000000d6900000, 0x0000000100000000)
  eden space 15872K, 0% used [0x00000000d5580000,0x00000000d5580000,0x00000000d6500000)
  from space 1024K, 73% used [0x00000000d6800000,0x00000000d68bc030,0x00000000d6900000)
  to   space 1536K, 0% used [0x00000000d6600000,0x00000000d6600000,0x00000000d6780000)
 ParOldGen       total 68608K, used 42366K [0x0000000080000000, 0x0000000084300000, 0x00000000d5580000)
  object space 68608K, 61% used [0x0000000080000000,0x000000008295f918,0x0000000084300000)
 Metaspace       used 60981K, committed 62336K, reserved 1114112K
  class space    used 6535K, committed 7104K, reserved 1048576K
}
Event: 33.496 GC heap before
{Heap before GC invocations=40 (full 3):
 PSYoungGen      total 16896K, used 16624K [0x00000000d5580000, 0x00000000d6900000, 0x0000000100000000)
  eden space 15872K, 99% used [0x00000000d5580000,0x00000000d64fffd0,0x00000000d6500000)
  from space 1024K, 73% used [0x00000000d6800000,0x00000000d68bc030,0x00000000d6900000)
  to   space 1536K, 0% used [0x00000000d6600000,0x00000000d6600000,0x00000000d6780000)
 ParOldGen       total 68608K, used 42366K [0x0000000080000000, 0x0000000084300000, 0x00000000d5580000)
  object space 68608K, 61% used [0x0000000080000000,0x000000008295f918,0x0000000084300000)
 Metaspace       used 61842K, committed 63168K, reserved 1114112K
  class space    used 6591K, committed 7168K, reserved 1048576K
}
Event: 33.504 GC heap after
{Heap after GC invocations=40 (full 3):
 PSYoungGen      total 17408K, used 1392K [0x00000000d5580000, 0x00000000d6880000, 0x0000000100000000)
  eden space 15872K, 0% used [0x00000000d5580000,0x00000000d5580000,0x00000000d6500000)
  from space 1536K, 90% used [0x00000000d6600000,0x00000000d675c010,0x00000000d6780000)
  to   space 1024K, 0% used [0x00000000d6780000,0x00000000d6780000,0x00000000d6880000)
 ParOldGen       total 68608K, used 42942K [0x0000000080000000, 0x0000000084300000, 0x00000000d5580000)
  object space 68608K, 62% used [0x0000000080000000,0x00000000829ef978,0x0000000084300000)
 Metaspace       used 61842K, committed 63168K, reserved 1114112K
  class space    used 6591K, committed 7168K, reserved 1048576K
}
Event: 34.387 GC heap before
{Heap before GC invocations=41 (full 3):
 PSYoungGen      total 17408K, used 17264K [0x00000000d5580000, 0x00000000d6880000, 0x0000000100000000)
  eden space 15872K, 100% used [0x00000000d5580000,0x00000000d6500000,0x00000000d6500000)
  from space 1536K, 90% used [0x00000000d6600000,0x00000000d675c010,0x00000000d6780000)
  to   space 1024K, 0% used [0x00000000d6780000,0x00000000d6780000,0x00000000d6880000)
 ParOldGen       total 68608K, used 42942K [0x0000000080000000, 0x0000000084300000, 0x00000000d5580000)
  object space 68608K, 62% used [0x0000000080000000,0x00000000829ef978,0x0000000084300000)
 Metaspace       used 62693K, committed 64000K, reserved 1114112K
  class space    used 6668K, committed 7232K, reserved 1048576K
}
Event: 34.394 GC heap after
{Heap after GC invocations=41 (full 3):
 PSYoungGen      total 15872K, used 995K [0x00000000d5580000, 0x00000000d6c00000, 0x0000000100000000)
  eden space 14848K, 0% used [0x00000000d5580000,0x00000000d5580000,0x00000000d6400000)
  from space 1024K, 97% used [0x00000000d6780000,0x00000000d6878d60,0x00000000d6880000)
  to   space 3584K, 0% used [0x00000000d6400000,0x00000000d6400000,0x00000000d6780000)
 ParOldGen       total 68608K, used 44859K [0x0000000080000000, 0x0000000084300000, 0x00000000d5580000)
  object space 68608K, 65% used [0x0000000080000000,0x0000000082bcecb0,0x0000000084300000)
 Metaspace       used 62693K, committed 64000K, reserved 1114112K
  class space    used 6668K, committed 7232K, reserved 1048576K
}

Dll operation events (10 events):
Event: 0.035 Loaded shared library c:\Users\harih\.vscode\extensions\redhat.java-1.55.0-win32-x64\jre\21.0.11-win32-x86_64\bin\java.dll
Event: 0.194 Loaded shared library c:\Users\harih\.vscode\extensions\redhat.java-1.55.0-win32-x64\jre\21.0.11-win32-x86_64\bin\zip.dll
Event: 0.251 Loaded shared library C:\Users\harih\.vscode\extensions\redhat.java-1.55.0-win32-x64\jre\21.0.11-win32-x86_64\bin\instrument.dll
Event: 0.270 Loaded shared library C:\Users\harih\.vscode\extensions\redhat.java-1.55.0-win32-x64\jre\21.0.11-win32-x86_64\bin\net.dll
Event: 0.283 Loaded shared library C:\Users\harih\.vscode\extensions\redhat.java-1.55.0-win32-x64\jre\21.0.11-win32-x86_64\bin\nio.dll
Event: 0.295 Loaded shared library C:\Users\harih\.vscode\extensions\redhat.java-1.55.0-win32-x64\jre\21.0.11-win32-x86_64\bin\zip.dll
Event: 0.357 Loaded shared library C:\Users\harih\.vscode\extensions\redhat.java-1.55.0-win32-x64\jre\21.0.11-win32-x86_64\bin\jimage.dll
Event: 0.562 Loaded shared library c:\Users\harih\.vscode\extensions\redhat.java-1.55.0-win32-x64\jre\21.0.11-win32-x86_64\bin\verify.dll
Event: 4.416 Loaded shared library C:\Users\harih\AppData\Roaming\Code\User\globalStorage\redhat.java\1.55.0\config_win\org.eclipse.equinox.launcher\org.eclipse.equinox.launcher.win32.win32.x86_64_1.3.100.v20260613-0559\eclipse_11924.dll
Event: 12.558 Loaded shared library C:\Users\harih\AppData\Local\Temp\jna-99048824\jna6086089164363760653.dll

Deoptimization events (20 events):
Event: 315.069 Thread 0x0000025874b3a800 Uncommon trap: trap_request=0xffffffde fr.pc=0x0000025867e1e364 relative=0x0000000000000424
Event: 315.069 Thread 0x0000025874b3a800 Uncommon trap: reason=class_check action=maybe_recompile pc=0x0000025867e1e364 method=java.io.DataOutputStream.writeInt(I)V @ 19 c2
Event: 315.069 Thread 0x0000025874b3a800 DEOPT PACKING pc=0x0000025867e1e364 sp=0x00000083f6dfe8e0
Event: 315.069 Thread 0x0000025874b3a800 DEOPT UNPACKING pc=0x00000258673b3aa2 sp=0x00000083f6dfe888 mode 2
Event: 315.069 Thread 0x0000025874b3a800 Uncommon trap: trap_request=0xffffffde fr.pc=0x0000025867e1e364 relative=0x0000000000000424
Event: 315.069 Thread 0x0000025874b3a800 Uncommon trap: reason=class_check action=maybe_recompile pc=0x0000025867e1e364 method=java.io.DataOutputStream.writeInt(I)V @ 19 c2
Event: 315.069 Thread 0x0000025874b3a800 DEOPT PACKING pc=0x0000025867e1e364 sp=0x00000083f6dfe870
Event: 315.069 Thread 0x0000025874b3a800 DEOPT UNPACKING pc=0x00000258673b3aa2 sp=0x00000083f6dfe818 mode 2
Event: 315.083 Thread 0x0000025874b3a800 Uncommon trap: trap_request=0xffffff45 fr.pc=0x0000025867a6fc48 relative=0x00000000000001a8
Event: 315.083 Thread 0x0000025874b3a800 Uncommon trap: reason=unstable_if action=reinterpret pc=0x0000025867a6fc48 method=jdk.internal.org.objectweb.asm.Frame.push(I)V @ 26 c2
Event: 315.083 Thread 0x0000025874b3a800 DEOPT PACKING pc=0x0000025867a6fc48 sp=0x00000083f6dfd420
Event: 315.084 Thread 0x0000025874b3a800 DEOPT UNPACKING pc=0x00000258673b3aa2 sp=0x00000083f6dfd3a8 mode 2
Event: 315.113 Thread 0x0000025874b3a800 DEOPT PACKING pc=0x0000025861015528 sp=0x00000083f6dfe6e0
Event: 315.113 Thread 0x0000025874b3a800 DEOPT UNPACKING pc=0x00000258673b4242 sp=0x00000083f6dfdc38 mode 0
Event: 315.115 Thread 0x0000025874b3a800 DEOPT PACKING pc=0x0000025861015528 sp=0x00000083f6dfe5c0
Event: 315.115 Thread 0x0000025874b3a800 DEOPT UNPACKING pc=0x00000258673b4242 sp=0x00000083f6dfdb18 mode 0
Event: 315.164 Thread 0x0000025874b3a800 Uncommon trap: trap_request=0xffffff45 fr.pc=0x0000025867d93c98 relative=0x0000000000000798
Event: 315.164 Thread 0x0000025874b3a800 Uncommon trap: reason=unstable_if action=reinterpret pc=0x0000025867d93c98 method=java.io.InputStream.read([BII)I @ 52 c2
Event: 315.164 Thread 0x0000025874b3a800 DEOPT PACKING pc=0x0000025867d93c98 sp=0x00000083f6dfeae0
Event: 315.164 Thread 0x0000025874b3a800 DEOPT UNPACKING pc=0x00000258673b3aa2 sp=0x00000083f6dfea90 mode 2

Classes loaded (20 events):
Event: 314.959 Loading class java/util/stream/Nodes$CollectorTask$OfRef
Event: 314.964 Loading class java/util/stream/Nodes$CollectorTask
Event: 314.972 Loading class java/util/stream/Nodes$CollectorTask done
Event: 314.973 Loading class java/util/stream/Nodes$CollectorTask$OfRef done
Event: 314.975 Loading class java/util/function/LongFunction
Event: 314.977 Loading class java/util/function/LongFunction done
Event: 314.980 Loading class java/util/stream/Nodes$ConcNode
Event: 314.983 Loading class java/util/stream/Nodes$AbstractConcNode
Event: 314.986 Loading class java/util/stream/Nodes$AbstractConcNode done
Event: 314.986 Loading class java/util/stream/Nodes$ConcNode done
Event: 314.992 Loading class java/util/stream/Nodes$ToArrayTask$OfRef
Event: 314.995 Loading class java/util/stream/Nodes$ToArrayTask
Event: 314.998 Loading class java/util/stream/Nodes$ToArrayTask done
Event: 314.998 Loading class java/util/stream/Nodes$ToArrayTask$OfRef done
Event: 315.011 Loading class java/io/ObjectOutputStream$BlockDataOutputStream
Event: 315.016 Loading class java/io/ObjectOutputStream$BlockDataOutputStream done
Event: 315.017 Loading class java/io/ObjectOutputStream$HandleTable
Event: 315.019 Loading class java/io/ObjectOutputStream$HandleTable done
Event: 315.020 Loading class java/io/ObjectOutputStream$ReplaceTable
Event: 315.022 Loading class java/io/ObjectOutputStream$ReplaceTable done

Classes unloaded (20 events):
Event: 14.428 Thread 0x000002585cbc45c0 Unloading class 0x00000258011a8c00 'java/lang/invoke/LambdaForm$MH+0x00000258011a8c00'
Event: 14.428 Thread 0x000002585cbc45c0 Unloading class 0x00000258011a8800 'java/lang/invoke/LambdaForm$MH+0x00000258011a8800'
Event: 14.428 Thread 0x000002585cbc45c0 Unloading class 0x00000258011a8400 'java/lang/invoke/LambdaForm$MH+0x00000258011a8400'
Event: 14.428 Thread 0x000002585cbc45c0 Unloading class 0x00000258011a8000 'java/lang/invoke/LambdaForm$MH+0x00000258011a8000'
Event: 14.428 Thread 0x000002585cbc45c0 Unloading class 0x00000258011a7c00 'java/lang/invoke/LambdaForm$BMH+0x00000258011a7c00'
Event: 14.428 Thread 0x000002585cbc45c0 Unloading class 0x00000258011a7800 'java/lang/invoke/LambdaForm$DMH+0x00000258011a7800'
Event: 14.428 Thread 0x000002585cbc45c0 Unloading class 0x00000258011a6400 'java/lang/invoke/LambdaForm$DMH+0x00000258011a6400'
Event: 17.685 Thread 0x000002585cbc45c0 Unloading class 0x00000258012f6c00 'java/lang/invoke/LambdaForm$MH+0x00000258012f6c00'
Event: 17.685 Thread 0x000002585cbc45c0 Unloading class 0x00000258012f6400 'java/lang/invoke/LambdaForm$MH+0x00000258012f6400'
Event: 17.685 Thread 0x000002585cbc45c0 Unloading class 0x00000258012f5800 'java/lang/invoke/LambdaForm$MH+0x00000258012f5800'
Event: 17.685 Thread 0x000002585cbc45c0 Unloading class 0x00000258012f5000 'java/lang/invoke/LambdaForm$MH+0x00000258012f5000'
Event: 17.685 Thread 0x000002585cbc45c0 Unloading class 0x00000258012f4800 'java/lang/invoke/LambdaForm$DMH+0x00000258012f4800'
Event: 17.685 Thread 0x000002585cbc45c0 Unloading class 0x00000258012f4000 'java/lang/invoke/LambdaForm$MH+0x00000258012f4000'
Event: 17.685 Thread 0x000002585cbc45c0 Unloading class 0x00000258012ef000 'java/lang/invoke/LambdaForm$MH+0x00000258012ef000'
Event: 17.685 Thread 0x000002585cbc45c0 Unloading class 0x00000258012ee800 'java/lang/invoke/LambdaForm$MH+0x00000258012ee800'
Event: 17.685 Thread 0x000002585cbc45c0 Unloading class 0x00000258012ee000 'java/lang/invoke/LambdaForm$MH+0x00000258012ee000'
Event: 17.685 Thread 0x000002585cbc45c0 Unloading class 0x00000258012ed800 'java/lang/invoke/LambdaForm$MH+0x00000258012ed800'
Event: 17.685 Thread 0x000002585cbc45c0 Unloading class 0x00000258012ed000 'java/lang/invoke/LambdaForm$MH+0x00000258012ed000'
Event: 17.685 Thread 0x000002585cbc45c0 Unloading class 0x00000258012ec800 'java/lang/invoke/LambdaForm$MH+0x00000258012ec800'
Event: 17.685 Thread 0x000002585cbc45c0 Unloading class 0x00000258012ec400 'java/lang/invoke/LambdaForm$MH+0x00000258012ec400'

Classes redefined (0 events):
No events

Internal exceptions (20 events):
Event: 33.319 Thread 0x000002587ab1db20 Exception <a 'java/lang/NullPointerException'{0x00000000d5fc0060}> (0x00000000d5fc0060) 
thrown [s\src\hotspot\share\interpreter\linkResolver.cpp, line 1372]
Event: 33.321 Thread 0x000002587ab1db20 Exception <a 'java/lang/NullPointerException'{0x00000000d5fc08c0}> (0x00000000d5fc08c0) 
thrown [s\src\hotspot\share\interpreter\linkResolver.cpp, line 1372]
Event: 33.466 Thread 0x000002587ab1db20 Exception <a 'java/lang/NullPointerException'{0x00000000d6485698}> (0x00000000d6485698) 
thrown [s\src\hotspot\share\interpreter\linkResolver.cpp, line 1372]
Event: 33.468 Thread 0x000002587ab1db20 Exception <a 'java/lang/NullPointerException'{0x00000000d6485af0}> (0x00000000d6485af0) 
thrown [s\src\hotspot\share\interpreter\linkResolver.cpp, line 1372]
Event: 33.468 Thread 0x000002587ab1db20 Exception <a 'java/lang/NullPointerException'{0x00000000d6485fe0}> (0x00000000d6485fe0) 
thrown [s\src\hotspot\share\interpreter\linkResolver.cpp, line 1372]
Event: 33.468 Thread 0x000002587ab1db20 Exception <a 'java/lang/NullPointerException'{0x00000000d6486490}> (0x00000000d6486490) 
thrown [s\src\hotspot\share\interpreter\linkResolver.cpp, line 1372]
Event: 33.469 Thread 0x000002587ab1db20 Exception <a 'java/lang/NullPointerException'{0x00000000d6486c98}> (0x00000000d6486c98) 
thrown [s\src\hotspot\share\interpreter\linkResolver.cpp, line 1372]
Event: 33.469 Thread 0x000002587ab1db20 Exception <a 'java/lang/NullPointerException'{0x00000000d64874d8}> (0x00000000d64874d8) 
thrown [s\src\hotspot\share\interpreter\linkResolver.cpp, line 1372]
Event: 33.783 Thread 0x000002587ab1db20 Exception <a 'java/lang/NullPointerException'{0x00000000d5979cf8}> (0x00000000d5979cf8) 
thrown [s\src\hotspot\share\interpreter\linkResolver.cpp, line 1372]
Event: 33.783 Thread 0x000002587ab1db20 Exception <a 'java/lang/NullPointerException'{0x00000000d597a0e0}> (0x00000000d597a0e0) 
thrown [s\src\hotspot\share\interpreter\linkResolver.cpp, line 1372]
Event: 33.783 Thread 0x000002587ab1db20 Exception <a 'java/lang/NullPointerException'{0x00000000d597a4e0}> (0x00000000d597a4e0) 
thrown [s\src\hotspot\share\interpreter\linkResolver.cpp, line 1372]
Event: 33.783 Thread 0x000002587ab1db20 Exception <a 'java/lang/NullPointerException'{0x00000000d597a948}> (0x00000000d597a948) 
thrown [s\src\hotspot\share\interpreter\linkResolver.cpp, line 1372]
Event: 33.784 Thread 0x000002587ab1db20 Exception <a 'java/lang/NullPointerException'{0x00000000d597b088}> (0x00000000d597b088) 
thrown [s\src\hotspot\share\interpreter\linkResolver.cpp, line 1372]
Event: 33.958 Thread 0x000002587ab1db20 Exception <a 'java/lang/NullPointerException'{0x00000000d5c39d80}> (0x00000000d5c39d80) 
thrown [s\src\hotspot\share\interpreter\linkResolver.cpp, line 1372]
Event: 33.959 Thread 0x000002587ab1db20 Exception <a 'java/lang/NullPointerException'{0x00000000d5c3a168}> (0x00000000d5c3a168) 
thrown [s\src\hotspot\share\interpreter\linkResolver.cpp, line 1372]
Event: 33.959 Thread 0x000002587ab1db20 Exception <a 'java/lang/NullPointerException'{0x00000000d5c3a550}> (0x00000000d5c3a550) 
thrown [s\src\hotspot\share\interpreter\linkResolver.cpp, line 1372]
Event: 33.959 Thread 0x000002587ab1db20 Exception <a 'java/lang/NullPointerException'{0x00000000d5c3a9b8}> (0x00000000d5c3a9b8) 
thrown [s\src\hotspot\share\interpreter\linkResolver.cpp, line 1372]
Event: 33.959 Thread 0x000002587ab1db20 Exception <a 'java/lang/NullPointerException'{0x00000000d5c3b0f8}> (0x00000000d5c3b0f8) 
thrown [s\src\hotspot\share\interpreter\linkResolver.cpp, line 1372]
Event: 314.888 Thread 0x0000025874b3a800 Implicit null exception at 0x0000025867dfef18 to 0x0000025867dfff20
Event: 315.095 Thread 0x0000025874b3a800 Exception <a 'java/lang/NoSuchMethodError'{0x00000000d5953718}: 'java.lang.Object java.lang.invoke.DirectMethodHandle$Holder.newInvokeSpecial(java.lang.Object, java.lang.Object, java.lang.Object, java.lang.Object, java.lang.Object, java.lang.Object, java.lang.Object, java.lang.Object)'> (0x00000000d5953718) 
thrown [s\src\hotspot\share\interpreter\linkResolver.cpp, line 773]

ZGC Phase Switch (0 events):
No events

VM Operations (20 events):
Event: 60.071 Executing non-safepoint VM operation: HandshakeAllThreads (HandshakeForDeflation)
Event: 60.071 Executing non-safepoint VM operation: HandshakeAllThreads (HandshakeForDeflation) done
Event: 60.071 Executing non-safepoint VM operation: RendezvousGCThreads
Event: 60.071 Executing non-safepoint VM operation: RendezvousGCThreads done
Event: 120.208 Executing non-safepoint VM operation: HandshakeAllThreads (HandshakeForDeflation)
Event: 120.208 Executing non-safepoint VM operation: HandshakeAllThreads (HandshakeForDeflation) done
Event: 120.208 Executing non-safepoint VM operation: RendezvousGCThreads
Event: 120.208 Executing non-safepoint VM operation: RendezvousGCThreads done
Event: 184.690 Executing safepoint VM operation: Cleanup
Event: 184.691 Executing safepoint VM operation: Cleanup done
Event: 309.753 Executing safepoint VM operation: Cleanup
Event: 309.754 Executing safepoint VM operation: Cleanup done
Event: 314.800 Executing safepoint VM operation: Cleanup
Event: 314.800 Executing safepoint VM operation: Cleanup done
Event: 316.802 Executing safepoint VM operation: Cleanup
Event: 316.802 Executing safepoint VM operation: Cleanup done
Event: 327.879 Executing safepoint VM operation: Cleanup
Event: 327.879 Executing safepoint VM operation: Cleanup done
Event: 334.953 Executing safepoint VM operation: Cleanup
Event: 334.954 Executing safepoint VM operation: Cleanup done

Memory protections (0 events):
No events

Nmethod flushes (20 events):
Event: 31.527 Thread 0x000002585cbc45c0 flushing  nmethod 0x00000258606e3e90
Event: 31.527 Thread 0x000002585cbc45c0 flushing  nmethod 0x00000258606e6410
Event: 31.527 Thread 0x000002585cbc45c0 flushing  nmethod 0x00000258606e6890
Event: 31.527 Thread 0x000002585cbc45c0 flushing  nmethod 0x00000258606e6e90
Event: 31.527 Thread 0x000002585cbc45c0 flushing  nmethod 0x00000258606e8190
Event: 31.527 Thread 0x000002585cbc45c0 flushing  nmethod 0x00000258606e8590
Event: 31.527 Thread 0x000002585cbc45c0 flushing  nmethod 0x00000258606e9f10
Event: 31.527 Thread 0x000002585cbc45c0 flushing  nmethod 0x00000258606f6410
Event: 31.527 Thread 0x000002585cbc45c0 flushing  nmethod 0x0000025860705510
Event: 31.527 Thread 0x000002585cbc45c0 flushing  nmethod 0x0000025860706510
Event: 31.527 Thread 0x000002585cbc45c0 flushing  nmethod 0x0000025860706990
Event: 31.527 Thread 0x000002585cbc45c0 flushing  nmethod 0x0000025860707b90
Event: 31.527 Thread 0x000002585cbc45c0 flushing  nmethod 0x0000025860708a90
Event: 31.527 Thread 0x000002585cbc45c0 flushing  nmethod 0x0000025860709090
Event: 31.527 Thread 0x000002585cbc45c0 flushing  nmethod 0x0000025860709610
Event: 31.527 Thread 0x000002585cbc45c0 flushing  nmethod 0x0000025860709d10
Event: 31.527 Thread 0x000002585cbc45c0 flushing  nmethod 0x000002586070a210
Event: 31.527 Thread 0x000002585cbc45c0 flushing  nmethod 0x000002586070ab90
Event: 31.527 Thread 0x000002585cbc45c0 flushing  nmethod 0x000002586070b090
Event: 31.527 Thread 0x000002585cbc45c0 flushing  nmethod 0x0000025860710090

Events (20 events):
Event: 154.536 Thread 0x000002587a612410 Thread exited: 0x000002587a612410
Event: 214.536 Thread 0x000002587bed7a40 Thread exited: 0x000002587bed7a40
Event: 274.552 Thread 0x000002587bed8760 Thread exited: 0x000002587bed8760
Event: 314.943 Thread 0x0000025874b3a800 Thread added: 0x000002587bed6d20
Event: 314.990 Thread 0x000002587bed6d20 Thread added: 0x000002587beda830
Event: 314.999 Thread 0x000002587bed6d20 Thread exited: 0x000002587bed6d20
Event: 315.001 Thread 0x000002587beda830 Thread exited: 0x000002587beda830
Event: 325.901 Thread 0x000002587e6b1a50 Thread exited: 0x000002587e6b1a50
Event: 325.901 Thread 0x000002587a60b480 Thread exited: 0x000002587a60b480
Event: 325.902 Thread 0x000002587e6b3490 Thread exited: 0x000002587e6b3490
Event: 325.908 Thread 0x000002587e6b20e0 Thread exited: 0x000002587e6b20e0
Event: 325.908 Thread 0x000002587a60dbe0 Thread exited: 0x000002587a60dbe0
Event: 325.908 Thread 0x000002587a60bb10 Thread exited: 0x000002587a60bb10
Event: 325.922 Thread 0x000002587e6b41b0 Thread exited: 0x000002587e6b41b0
Event: 325.939 Thread 0x000002587e6b2770 Thread exited: 0x000002587e6b2770
Event: 325.940 Thread 0x000002587a60e270 Thread exited: 0x000002587a60e270
Event: 325.941 Thread 0x000002587a60adf0 Thread exited: 0x000002587a60adf0
Event: 327.038 Thread 0x000002587a60c830 Thread exited: 0x000002587a60c830
Event: 332.683 Thread 0x000002587a60e900 Thread exited: 0x000002587a60e900
Event: 334.571 Thread 0x000002587bed6690 Thread exited: 0x000002587bed6690


Dynamic libraries:
0x00007ff65ffc0000 - 0x00007ff65ffce000 	c:\Users\harih\.vscode\extensions\redhat.java-1.55.0-win32-x64\jre\21.0.11-win32-x86_64\bin\java.exe
0x00007ffa3a7e0000 - 0x00007ffa3aa46000 	C:\WINDOWS\SYSTEM32\ntdll.dll
0x00007ffa398d0000 - 0x00007ffa39999000 	C:\WINDOWS\System32\KERNEL32.DLL
0x00007ffa380a0000 - 0x00007ffa3849a000 	C:\WINDOWS\System32\KERNELBASE.dll
0x00007ffa37f50000 - 0x00007ffa3809c000 	C:\WINDOWS\System32\ucrtbase.dll
0x00007ffa25000000 - 0x00007ffa25018000 	c:\Users\harih\.vscode\extensions\redhat.java-1.55.0-win32-x64\jre\21.0.11-win32-x86_64\bin\jli.dll
0x00007ffa31b80000 - 0x00007ffa31b9e000 	c:\Users\harih\.vscode\extensions\redhat.java-1.55.0-win32-x64\jre\21.0.11-win32-x86_64\bin\VCRUNTIME140.dll
0x00007ffa3a100000 - 0x00007ffa3a2c7000 	C:\WINDOWS\System32\USER32.dll
0x00007ffa12da0000 - 0x00007ffa13032000 	C:\WINDOWS\WinSxS\amd64_microsoft.windows.common-controls_6595b64144ccf1df_6.0.26100.8521_none_3e08b75ce33403b3\COMCTL32.dll
0x00007ffa37b20000 - 0x00007ffa37b47000 	C:\WINDOWS\System32\win32u.dll
0x00007ffa38650000 - 0x00007ffa386f9000 	C:\WINDOWS\System32\msvcrt.dll
0x00007ffa38fb0000 - 0x00007ffa38fdb000 	C:\WINDOWS\System32\GDI32.dll
0x00007ffa37d60000 - 0x00007ffa37e8b000 	C:\WINDOWS\System32\gdi32full.dll
0x00007ffa384a0000 - 0x00007ffa38543000 	C:\WINDOWS\System32\msvcp_win.dll
0x00007ffa3a440000 - 0x00007ffa3a472000 	C:\WINDOWS\System32\IMM32.DLL
0x00007ffa2f790000 - 0x00007ffa2f79c000 	c:\Users\harih\.vscode\extensions\redhat.java-1.55.0-win32-x64\jre\21.0.11-win32-x86_64\bin\vcruntime140_1.dll
0x00007ffa18980000 - 0x00007ffa18a0d000 	c:\Users\harih\.vscode\extensions\redhat.java-1.55.0-win32-x64\jre\21.0.11-win32-x86_64\bin\msvcp140.dll
0x00007ff908b00000 - 0x00007ff9098a2000 	c:\Users\harih\.vscode\extensions\redhat.java-1.55.0-win32-x64\jre\21.0.11-win32-x86_64\bin\server\jvm.dll
0x00007ffa3a620000 - 0x00007ffa3a6d6000 	C:\WINDOWS\System32\ADVAPI32.dll
0x00007ffa3a6f0000 - 0x00007ffa3a79a000 	C:\WINDOWS\System32\sechost.dll
0x00007ffa39e30000 - 0x00007ffa39f48000 	C:\WINDOWS\System32\RPCRT4.dll
0x00007ffa38ff0000 - 0x00007ffa39070000 	C:\WINDOWS\System32\WS2_32.dll
0x00007ffa378d0000 - 0x00007ffa3792e000 	C:\WINDOWS\SYSTEM32\POWRPROF.dll
0x00007ffa2f860000 - 0x00007ffa2f896000 	C:\WINDOWS\SYSTEM32\WINMM.dll
0x00007ffa24330000 - 0x00007ffa2433b000 	C:\WINDOWS\SYSTEM32\VERSION.dll
0x00007ffa378b0000 - 0x00007ffa378c4000 	C:\WINDOWS\SYSTEM32\UMPDC.dll
0x00007ffa36800000 - 0x00007ffa3681b000 	C:\WINDOWS\SYSTEM32\kernel.appcore.dll
0x00007ffa2f730000 - 0x00007ffa2f73a000 	c:\Users\harih\.vscode\extensions\redhat.java-1.55.0-win32-x64\jre\21.0.11-win32-x86_64\bin\jimage.dll
0x00007ffa350e0000 - 0x00007ffa35322000 	C:\WINDOWS\SYSTEM32\DBGHELP.DLL
0x00007ffa38960000 - 0x00007ffa38ce3000 	C:\WINDOWS\System32\combase.dll
0x00007ffa38cf0000 - 0x00007ffa38dc9000 	C:\WINDOWS\System32\OLEAUT32.dll
0x00007ffa07ec0000 - 0x00007ffa07efb000 	C:\WINDOWS\SYSTEM32\dbgcore.DLL
0x00007ffa37a70000 - 0x00007ffa37b18000 	C:\WINDOWS\System32\bcryptPrimitives.dll
0x00007ffa2f600000 - 0x00007ffa2f60f000 	c:\Users\harih\.vscode\extensions\redhat.java-1.55.0-win32-x64\jre\21.0.11-win32-x86_64\bin\instrument.dll
0x00007ffa18960000 - 0x00007ffa18980000 	c:\Users\harih\.vscode\extensions\redhat.java-1.55.0-win32-x64\jre\21.0.11-win32-x86_64\bin\java.dll
0x00007ffa39140000 - 0x00007ffa398c4000 	C:\WINDOWS\System32\SHELL32.dll
0x00007ffa35600000 - 0x00007ffa35e80000 	C:\WINDOWS\SYSTEM32\windows.storage.dll
0x00007ffa39f50000 - 0x00007ffa3a046000 	C:\WINDOWS\System32\SHCORE.dll
0x00007ffa390d0000 - 0x00007ffa39137000 	C:\WINDOWS\System32\shlwapi.dll
0x00007ffa37990000 - 0x00007ffa379b9000 	C:\WINDOWS\SYSTEM32\profapi.dll
0x00007ffa18940000 - 0x00007ffa18958000 	c:\Users\harih\.vscode\extensions\redhat.java-1.55.0-win32-x64\jre\21.0.11-win32-x86_64\bin\zip.dll
0x00007ffa2f5f0000 - 0x00007ffa2f600000 	C:\Users\harih\.vscode\extensions\redhat.java-1.55.0-win32-x64\jre\21.0.11-win32-x86_64\bin\net.dll
0x00007ffa2e6e0000 - 0x00007ffa2e809000 	C:\WINDOWS\SYSTEM32\WINHTTP.dll
0x00007ffa36d70000 - 0x00007ffa36ddc000 	C:\WINDOWS\system32\mswsock.dll
0x00007ff9b7520000 - 0x00007ff9b7536000 	C:\Users\harih\.vscode\extensions\redhat.java-1.55.0-win32-x64\jre\21.0.11-win32-x86_64\bin\nio.dll
0x00007ffa180c0000 - 0x00007ffa180d0000 	c:\Users\harih\.vscode\extensions\redhat.java-1.55.0-win32-x64\jre\21.0.11-win32-x86_64\bin\verify.dll
0x00007ff982420000 - 0x00007ff982465000 	C:\Users\harih\AppData\Roaming\Code\User\globalStorage\redhat.java\1.55.0\config_win\org.eclipse.equinox.launcher\org.eclipse.equinox.launcher.win32.win32.x86_64_1.3.100.v20260613-0559\eclipse_11924.dll
0x00007ffa3a480000 - 0x00007ffa3a618000 	C:\WINDOWS\System32\ole32.dll
0x00007ffa37050000 - 0x00007ffa3706b000 	C:\WINDOWS\SYSTEM32\CRYPTSP.dll
0x00007ffa36760000 - 0x00007ffa36799000 	C:\WINDOWS\system32\rsaenh.dll
0x00007ffa36e20000 - 0x00007ffa36e53000 	C:\WINDOWS\SYSTEM32\USERENV.dll
0x00007ffa37960000 - 0x00007ffa3798a000 	C:\WINDOWS\SYSTEM32\bcrypt.dll
0x00007ffa37070000 - 0x00007ffa3707c000 	C:\WINDOWS\SYSTEM32\CRYPTBASE.dll
0x00007ffa361b0000 - 0x00007ffa361e3000 	C:\WINDOWS\SYSTEM32\IPHLPAPI.DLL
0x00007ffa3a370000 - 0x00007ffa3a37a000 	C:\WINDOWS\System32\NSI.dll
0x00007ffa07100000 - 0x00007ffa07149000 	C:\Users\harih\AppData\Local\Temp\jna-99048824\jna6086089164363760653.dll
0x00007ffa3a6e0000 - 0x00007ffa3a6e8000 	C:\WINDOWS\System32\PSAPI.DLL
0x00007ffa2ea20000 - 0x00007ffa2ea3d000 	C:\WINDOWS\SYSTEM32\dhcpcsvc6.DLL
0x00007ffa2e9d0000 - 0x00007ffa2e9f5000 	C:\WINDOWS\SYSTEM32\dhcpcsvc.DLL

JVMTI agents:
c:\Users\harih\.vscode\extensions\redhat.java-1.55.0-win32-x64\lombok\lombok-1.18.39-4050.jar path:c:\Users\harih\.vscode\extensions\redhat.java-1.55.0-win32-x64\jre\21.0.11-win32-x86_64\bin\instrument.dll, loaded, initialized, instrumentlib options:none

dbghelp: loaded successfully - version: 4.0.5 - missing functions: none
symbol engine: initialized successfully - sym options: 0x614 - pdb path: .;c:\Users\harih\.vscode\extensions\redhat.java-1.55.0-win32-x64\jre\21.0.11-win32-x86_64\bin;C:\WINDOWS\SYSTEM32;C:\WINDOWS\WinSxS\amd64_microsoft.windows.common-controls_6595b64144ccf1df_6.0.26100.8521_none_3e08b75ce33403b3;c:\Users\harih\.vscode\extensions\redhat.java-1.55.0-win32-x64\jre\21.0.11-win32-x86_64\bin\server;C:\Users\harih\AppData\Roaming\Code\User\globalStorage\redhat.java\1.55.0\config_win\org.eclipse.equinox.launcher\org.eclipse.equinox.launcher.win32.win32.x86_64_1.3.100.v20260613-0559;C:\Users\harih\AppData\Local\Temp\jna-99048824

VM Arguments:
jvm_args: --add-modules=ALL-SYSTEM --add-opens=java.base/java.util=ALL-UNNAMED --add-opens=java.base/java.lang=ALL-UNNAMED --add-opens=java.base/sun.nio.fs=ALL-UNNAMED -Declipse.application=org.eclipse.jdt.ls.core.id1 -Dosgi.bundles.defaultStartLevel=4 -Declipse.product=org.eclipse.jdt.ls.core.product -Djava.import.generatesMetadataFilesAtProjectRoot=false -DDetectVMInstallationsJob.disabled=true -Dfile.encoding=utf8 -XX:+UseParallelGC -XX:GCTimeRatio=4 -XX:AdaptiveSizePolicyWeight=90 -Dsun.zip.disableMemoryMapping=true -Xmx2G -Xms100m -Xlog:disable -javaagent:c:\Users\harih\.vscode\extensions\redhat.java-1.55.0-win32-x64\lombok\lombok-1.18.39-4050.jar -XX:+HeapDumpOnOutOfMemoryError -XX:HeapDumpPath=c:\Users\harih\AppData\Roaming\Code\User\workspaceStorage\0c793caedbd332c6f4d1b4298d784989\redhat.java -Daether.dependencyCollector.impl=bf 
java_command: c:\Users\harih\.vscode\extensions\redhat.java-1.55.0-win32-x64\server\plugins\org.eclipse.equinox.launcher_1.7.200.v20260619-2039.jar -configuration c:\Users\harih\AppData\Roaming\Code\User\globalStorage\redhat.java\1.55.0\config_win -data c:\Users\harih\AppData\Roaming\Code\User\workspaceStorage\0c793caedbd332c6f4d1b4298d784989\redhat.java\jdt_ws --pipe=\\.\pipe\lsp-9fa7c67c3774d305641f1b71705c0bc9-sock
java_class_path (initial): c:\Users\harih\.vscode\extensions\redhat.java-1.55.0-win32-x64\server\plugins\org.eclipse.equinox.launcher_1.7.200.v20260619-2039.jar
Launcher Type: SUN_STANDARD

[Global flags]
    uintx AdaptiveSizePolicyWeight                 = 90                                        {product} {command line}
     intx CICompilerCount                          = 4                                         {product} {ergonomic}
    uintx GCTimeRatio                              = 4                                         {product} {command line}
     bool HeapDumpOnOutOfMemoryError               = true                                   {manageable} {command line}
    ccstr HeapDumpPath                             = c:\Users\harih\AppData\Roaming\Code\User\workspaceStorage\0c793caedbd332c6f4d1b4298d784989\redhat.java         {manageable} {command line}
   size_t InitialHeapSize                          = 104857600                                 {product} {command line}
   size_t MaxHeapSize                              = 2147483648                                {product} {command line}
   size_t MaxNewSize                               = 715653120                                 {product} {ergonomic}
   size_t MinHeapDeltaBytes                        = 524288                                    {product} {ergonomic}
   size_t MinHeapSize                              = 104857600                                 {product} {command line}
   size_t NewSize                                  = 34603008                                  {product} {ergonomic}
    uintx NonNMethodCodeHeapSize                   = 5839372                                {pd product} {ergonomic}
    uintx NonProfiledCodeHeapSize                  = 122909434                              {pd product} {ergonomic}
   size_t OldSize                                  = 70254592                                  {product} {ergonomic}
    uintx ProfiledCodeHeapSize                     = 122909434                              {pd product} {ergonomic}
    uintx ReservedCodeCacheSize                    = 251658240                              {pd product} {ergonomic}
     bool SegmentedCodeCache                       = true                                      {product} {ergonomic}
   size_t SoftMaxHeapSize                          = 2147483648                             {manageable} {ergonomic}
     bool UseCompressedOops                        = true                           {product lp64_product} {ergonomic}
     bool UseLargePagesIndividualAllocation        = false                                  {pd product} {ergonomic}
     bool UseParallelGC                            = true                                      {product} {command line}

Logging:
Log output configuration:
 #0: stdout all=off uptime,level,tags foldmultilines=false
 #1: stderr all=off uptime,level,tags foldmultilines=false

Release file:
JAVA_VERSION="21.0.11" 
MODULES="java.base java.compiler java.datatransfer java.xml java.prefs java.desktop java.instrument java.logging java.management java.security.sasl java.naming java.rmi java.management.rmi java.net.http java.scripting java.security.jgss java.transaction.xa java.sql java.sql.rowset java.xml.crypto java.se java.smartcardio jdk.accessibility jdk.internal.jvmstat jdk.attach jdk.charsets jdk.internal.opt jdk.zipfs jdk.compiler jdk.crypto.ec jdk.crypto.cryptoki jdk.crypto.mscapi jdk.dynalink jdk.internal.ed jdk.editpad jdk.hotspot.agent jdk.httpserver jdk.internal.le jdk.internal.vm.ci jdk.internal.vm.compiler jdk.internal.vm.compiler.management jdk.jartool jdk.javadoc jdk.jcmd jdk.management jdk.management.agent jdk.jconsole jdk.jdeps jdk.jdwp.agent jdk.jdi jdk.jfr jdk.jshell jdk.jsobject jdk.jstatd jdk.localedata jdk.management.jfr jdk.naming.dns jdk.naming.rmi jdk.net jdk.nio.mapmode jdk.random jdk.sctp jdk.security.auth jdk.security.jgss jdk.unsupported jdk.unsupported.desktop jdk.xml.dom" 

Environment Variables:
JAVA_HOME=C:\Program Files\Java\jdk-19
PATH=C:\Program Files\Java\jdk-19\bin;C:\WINDOWS\system32;C:\WINDOWS;C:\WINDOWS\System32\Wbem;C:\WINDOWS\System32\WindowsPowerShell\v1.0\;C:\WINDOWS\System32\OpenSSH\;C:\Program Files\Java\jdk-19\bin;C:\Program Files\apache-maven-3.9.11\bin;C:\Program Files\Git\cmd;C:\Program Files\apache-maven-3.9.11\bin;C:\Program Files\Amazon\AWSCLIV2\;C:\nvm4w;C:\nvm4w\nodejs;C:\Program Files\nodejs\;C:\ProgramData\chocolatey\bin;C:\Program Files\MySQL\MySQL Shell 8.0\bin\;C:\Users\harih\AppData\Local\Programs\Python\Launcher\;C:\Users\harih\AppData\Local\Microsoft\WindowsApps;C:\Users\harih\AppData\Local\Python\bin;C:\Program Files\Java\jdk-19\bin;C:\Users\harih\AppData\Local\Programs\Microsoft VS Code\bin;C:\Users\harih\AppData\Local\Programs\Antigravity\bin;C:\Users\harih\Downloads\Release-25.12.0-0\poppler-25.12.0\Library\lib;C:\Users\harih\AppData\Local\Programs\Kiro\bin;C:\Users\harih\Downloads\node-v24.14.1-win-x64\node-v24.14.1-win-x64\node_modules\npm\lib;D:\Apps\Postgrel;C:\nvm4w;C:\nvm4w\nodejs;C:\Users\harih\AppData\Roaming\npm
USERNAME=harih
OS=Windows_NT
PROCESSOR_IDENTIFIER=Intel64 Family 6 Model 186 Stepping 3, GenuineIntel
TMP=C:\Users\harih\AppData\Local\Temp
TEMP=C:\Users\harih\AppData\Local\Temp




Periodic native trim disabled

---------------  S Y S T E M  ---------------

OS:
 Windows 11 , 64 bit Build 26100 (10.0.26100.8521)
OS uptime: 0 days 21:29 hours
Hyper-V role detected

CPU: total 12 (initial active 12) (6 cores per cpu, 2 threads per core) family 6 model 186 stepping 3 microcode 0x6134, cx8, cmov, fxsr, ht, mmx, 3dnowpref, sse, sse2, sse3, ssse3, sse4.1, sse4.2, popcnt, lzcnt, tsc, tscinvbit, avx, avx2, aes, erms, clmul, bmi1, bmi2, adx, sha, fma, vzeroupper, clflush, clflushopt, clwb, hv, serialize, rdtscp, rdpid, fsrm, f16c, cet_ibt, cet_ss
Processor Information for the first 12 processors :
  Max Mhz: 1300, Current Mhz: 1300, Mhz Limit: 1300

Memory: 4k page, system-wide physical 7835M (90M free)
TotalPageFile size 23259M (AvailPageFile size 80M)
current process WorkingSet (physical memory assigned to process): 61M, peak: 290M
current process commit charge ("private bytes"): 351M, peak: 396M

vm_info: OpenJDK 64-Bit Server VM (21.0.11+10-LTS) for windows-amd64 JRE (21.0.11+10-LTS), built on 2026-04-21T00:00:00Z by "admin" with MS VC++ 17.12 (VS2022)

END.
