#
# There is insufficient memory for the Java Runtime Environment to continue.
# Native memory allocation (malloc) failed to allocate 1048576 bytes. Error detail: AllocateHeap
# Possible reasons:
#   The system is out of physical RAM or swap space
#   This process is running with CompressedOops enabled, and the Java Heap may be blocking the growth of the native heap
# Possible solutions:
#   Reduce memory load on the system
#   Increase physical memory or swap space
#   Check if swap backing store is full
#   Decrease Java heap size (-Xmx/-Xms)
#   Decrease number of Java threads
#   Decrease Java thread stack sizes (-Xss)
#   Set larger code cache with -XX:ReservedCodeCacheSize=
#   JVM is running with Unscaled Compressed Oops mode in which the Java heap is
#     placed in the first 4GB address space. The Java Heap base address is the
#     maximum limit for the native heap growth. Please use -XX:HeapBaseMinAddress
#     to set the Java Heap base and to place the Java Heap above 4GB virtual address.
# This output file may be truncated or incomplete.
#
#  Out of Memory Error (allocation.cpp:44), pid=25712, tid=15160
#
# JRE version: OpenJDK Runtime Environment Temurin-21.0.11+10 (21.0.11+10) (build 21.0.11+10-LTS)
# Java VM: OpenJDK 64-Bit Server VM Temurin-21.0.11+10 (21.0.11+10-LTS, mixed mode, sharing, tiered, compressed oops, compressed class ptrs, parallel gc, windows-amd64)
# No core dump will be written. Minidumps are not enabled by default on client versions of Windows
#

---------------  S U M M A R Y ------------

Command Line: --add-modules=ALL-SYSTEM --add-opens=java.base/java.util=ALL-UNNAMED --add-opens=java.base/java.lang=ALL-UNNAMED --add-opens=java.base/sun.nio.fs=ALL-UNNAMED -Declipse.application=org.eclipse.jdt.ls.core.id1 -Dosgi.bundles.defaultStartLevel=4 -Declipse.product=org.eclipse.jdt.ls.core.product -Djava.import.generatesMetadataFilesAtProjectRoot=false -DDetectVMInstallationsJob.disabled=true -Dfile.encoding=utf8 -XX:+UseParallelGC -XX:GCTimeRatio=4 -XX:AdaptiveSizePolicyWeight=90 -Dsun.zip.disableMemoryMapping=true -Xmx2G -Xms100m -Xlog:disable -javaagent:c:\Users\harih\.vscode\extensions\redhat.java-1.55.0-win32-x64\lombok\lombok-1.18.39-4050.jar -XX:+HeapDumpOnOutOfMemoryError -XX:HeapDumpPath=c:\Users\harih\AppData\Roaming\Code\User\workspaceStorage\0c793caedbd332c6f4d1b4298d784989\redhat.java -Daether.dependencyCollector.impl=bf c:\Users\harih\.vscode\extensions\redhat.java-1.55.0-win32-x64\server\plugins\org.eclipse.equinox.launcher_1.7.200.v20260619-2039.jar -configuration c:\Users\harih\AppData\Roaming\Code\User\globalStorage\redhat.java\1.55.0\config_win -data c:\Users\harih\AppData\Roaming\Code\User\workspaceStorage\0c793caedbd332c6f4d1b4298d784989\redhat.java\jdt_ws --pipe=\\.\pipe\lsp-87bd533014fcf2f63a9925540d22b9da-sock

Host: 13th Gen Intel(R) Core(TM) i5-1335U, 12 cores, 7G,  Windows 11 , 64 bit Build 26100 (10.0.26100.8521)
Time: Mon Jul  6 11:38:36 2026 India Standard Time elapsed time: 46856.693485 seconds (0d 13h 0m 56s)

---------------  T H R E A D  ---------------

Current thread (0x000001b3e48ab4b0):  JavaThread "Attach Listener" daemon [_thread_in_vm, id=15160, stack(0x0000001375000000,0x0000001375100000) (1024K)]

Stack: [0x0000001375000000,0x0000001375100000]
Native frames: (J=compiled Java code, j=interpreted, Vv=VM code, C=native code)
V  [jvm.dll+0x6d7e19]
V  [jvm.dll+0x8b5096]
V  [jvm.dll+0x8b764e]
V  [jvm.dll+0x8b7d33]
V  [jvm.dll+0x284596]
V  [jvm.dll+0xc13c7]
V  [jvm.dll+0x6d86c9]
V  [jvm.dll+0x133616]
V  [jvm.dll+0x3f868e]
V  [jvm.dll+0x85fb0d]
V  [jvm.dll+0x6d664d]
C  [ucrtbase.dll+0x2cd30]
C  [KERNEL32.DLL+0x2e957]
C  [ntdll.dll+0x87c1c]


---------------  P R O C E S S  ---------------

Threads class SMR info:
_java_thread_list=0x000001b3f56bbcb0, length=38, elements={
0x000001b3c9ae97a0, 0x000001b3e29ad320, 0x000001b3e29ae550, 0x000001b3e48aa720,
0x000001b3e48ab4b0, 0x000001b3e48abf10, 0x000001b3e48acaa0, 0x000001b3e48adc90,
0x000001b3e48b8340, 0x000001b3e4b3cce0, 0x000001b3e4bd4950, 0x000001b3e9602c60,
0x000001b3e94bf0b0, 0x000001b3e94bea20, 0x000001b3e94bf740, 0x000001b3e94c1180,
0x000001b3e94c0460, 0x000001b3e94c0af0, 0x000001b3e94bfdd0, 0x000001b3e9c3d980,
0x000001b3e9c3fa50, 0x000001b3e9c3e010, 0x000001b3e9c40770, 0x000001b3e9c3f3c0,
0x000001b3e9c3d2f0, 0x000001b3e9c40e00, 0x000001b3e9c43bf0, 0x000001b3e9c44280,
0x000001b3e9c42ed0, 0x000001b3e9c44910, 0x000001b3e9c41b20, 0x000001b3e9c43560,
0x000001b3e9c41490, 0x000001b3e9c421b0, 0x000001b3e9c42840, 0x000001b3ea7422e0,
0x000001b3ea741c50, 0x000001b3ea743690
}

Java Threads: ( => current thread )
  0x000001b3c9ae97a0 JavaThread "main"                              [_thread_blocked, id=28060, stack(0x0000001374900000,0x0000001374a00000) (1024K)]
  0x000001b3e29ad320 JavaThread "Reference Handler"          daemon [_thread_blocked, id=26924, stack(0x0000001374d00000,0x0000001374e00000) (1024K)]
  0x000001b3e29ae550 JavaThread "Finalizer"                  daemon [_thread_blocked, id=1720, stack(0x0000001374e00000,0x0000001374f00000) (1024K)]
  0x000001b3e48aa720 JavaThread "Signal Dispatcher"          daemon [_thread_blocked, id=2328, stack(0x0000001374f00000,0x0000001375000000) (1024K)]
=>0x000001b3e48ab4b0 JavaThread "Attach Listener"            daemon [_thread_in_vm, id=15160, stack(0x0000001375000000,0x0000001375100000) (1024K)]
  0x000001b3e48abf10 JavaThread "Service Thread"             daemon [_thread_blocked, id=27528, stack(0x0000001375100000,0x0000001375200000) (1024K)]
  0x000001b3e48acaa0 JavaThread "Monitor Deflation Thread"   daemon [_thread_blocked, id=27188, stack(0x0000001375200000,0x0000001375300000) (1024K)]
  0x000001b3e48adc90 JavaThread "C2 CompilerThread0"         daemon [_thread_blocked, id=24832, stack(0x0000001375300000,0x0000001375400000) (1024K)]
  0x000001b3e48b8340 JavaThread "C1 CompilerThread0"         daemon [_thread_blocked, id=20784, stack(0x0000001375400000,0x0000001375500000) (1024K)]
  0x000001b3e4b3cce0 JavaThread "Common-Cleaner"             daemon [_thread_blocked, id=21456, stack(0x0000001375500000,0x0000001375600000) (1024K)]
  0x000001b3e4bd4950 JavaThread "Notification Thread"        daemon [_thread_blocked, id=14952, stack(0x0000001375600000,0x0000001375700000) (1024K)]
  0x000001b3e9602c60 JavaThread "Active Thread: Equinox Container: f88c89a5-3d05-4ee6-a02e-9db28f0a872c"        [_thread_blocked, id=14144, stack(0x0000001375e00000,0x0000001375f00000) (1024K)]
  0x000001b3e94bf0b0 JavaThread "Refresh Thread: Equinox Container: f88c89a5-3d05-4ee6-a02e-9db28f0a872c" daemon [_thread_blocked, id=1004, stack(0x0000001376000000,0x0000001376100000) (1024K)]
  0x000001b3e94bea20 JavaThread "Framework Event Dispatcher: Equinox Container: f88c89a5-3d05-4ee6-a02e-9db28f0a872c" daemon [_thread_blocked, id=25288, stack(0x0000001376100000,0x0000001376200000) (1024K)]
  0x000001b3e94bf740 JavaThread "Start Level: Equinox Container: f88c89a5-3d05-4ee6-a02e-9db28f0a872c" daemon [_thread_blocked, id=12936, stack(0x0000001376200000,0x0000001376300000) (1024K)]
  0x000001b3e94c1180 JavaThread "Bundle File Closer"         daemon [_thread_blocked, id=24988, stack(0x0000001376500000,0x0000001376600000) (1024K)]
  0x000001b3e94c0460 JavaThread "SCR Component Actor"        daemon [_thread_blocked, id=15568, stack(0x0000001375d00000,0x0000001375e00000) (1024K)]
  0x000001b3e94c0af0 JavaThread "Worker-JM"                         [_thread_blocked, id=23820, stack(0x0000001376600000,0x0000001376700000) (1024K)]
  0x000001b3e94bfdd0 JavaThread "JNA Cleaner"                daemon [_thread_blocked, id=23600, stack(0x0000001376700000,0x0000001376800000) (1024K)]
  0x000001b3e9c3d980 JavaThread "Worker-2"                          [_thread_blocked, id=22580, stack(0x0000001376a00000,0x0000001376b00000) (1024K)]
  0x000001b3e9c3fa50 JavaThread "Java indexing"              daemon [_thread_blocked, id=23152, stack(0x0000001376b00000,0x0000001376c00000) (1024K)]
  0x000001b3e9c3e010 JavaThread "Worker-4"                          [_thread_blocked, id=23280, stack(0x0000001376d00000,0x0000001376e00000) (1024K)]
  0x000001b3e9c40770 JavaThread "Thread-1"                   daemon [_thread_in_native, id=26232, stack(0x0000001377200000,0x0000001377300000) (1024K)]
  0x000001b3e9c3f3c0 JavaThread "Thread-2"                   daemon [_thread_in_native, id=996, stack(0x0000001377300000,0x0000001377400000) (1024K)]
  0x000001b3e9c3d2f0 JavaThread "Thread-3"                   daemon [_thread_in_native, id=28032, stack(0x0000001377400000,0x0000001377500000) (1024K)]
  0x000001b3e9c40e00 JavaThread "Thread-4"                   daemon [_thread_in_native, id=9792, stack(0x0000001377500000,0x0000001377600000) (1024K)]
  0x000001b3e9c43bf0 JavaThread "Thread-5"                   daemon [_thread_in_native, id=20960, stack(0x0000001377600000,0x0000001377700000) (1024K)]
  0x000001b3e9c44280 JavaThread "Thread-6"                   daemon [_thread_in_native, id=12452, stack(0x0000001377700000,0x0000001377800000) (1024K)]
  0x000001b3e9c42ed0 JavaThread "Thread-7"                   daemon [_thread_in_native, id=22320, stack(0x0000001377800000,0x0000001377900000) (1024K)]
  0x000001b3e9c44910 JavaThread "Thread-8"                   daemon [_thread_in_native, id=5472, stack(0x0000001377900000,0x0000001377a00000) (1024K)]
  0x000001b3e9c41b20 JavaThread "Thread-9"                   daemon [_thread_in_native, id=10644, stack(0x0000001377a00000,0x0000001377b00000) (1024K)]
  0x000001b3e9c43560 JavaThread "Thread-10"                  daemon [_thread_in_native, id=23120, stack(0x0000001377b00000,0x0000001377c00000) (1024K)]
  0x000001b3e9c41490 JavaThread "Thread-11"                  daemon [_thread_in_native, id=8736, stack(0x0000001377c00000,0x0000001377d00000) (1024K)]
  0x000001b3e9c421b0 JavaThread "Thread-12"                  daemon [_thread_in_native, id=2572, stack(0x0000001377d00000,0x0000001377e00000) (1024K)]
  0x000001b3e9c42840 JavaThread "Thread-13"                  daemon [_thread_in_native, id=5112, stack(0x0000001377e00000,0x0000001377f00000) (1024K)]
  0x000001b3ea7422e0 JavaThread "pool-2-thread-1"                   [_thread_blocked, id=26944, stack(0x0000001377f00000,0x0000001378000000) (1024K)]
  0x000001b3ea741c50 JavaThread "WorkspaceEventsHandler"            [_thread_blocked, id=23476, stack(0x0000001378000000,0x0000001378100000) (1024K)]
  0x000001b3ea743690 JavaThread "pool-1-thread-1"                   [_thread_blocked, id=25104, stack(0x0000001378100000,0x0000001378200000) (1024K)]
Total: 38

Other Threads:
  0x000001b3e2994500 VMThread "VM Thread"                           [id=25416, stack(0x0000001374c00000,0x0000001374d00000) (1024K)] _threads_hazard_ptr=0x000001b3f56bbcb0
  0x000001b3e288cb30 WatcherThread "VM Periodic Task Thread"        [id=3720, stack(0x0000001374b00000,0x0000001374c00000) (1024K)]
  0x000001b3cbf199b0 WorkerThread "GC Thread#0"                     [id=24240, stack(0x0000001374a00000,0x0000001374b00000) (1024K)]
  0x000001b3e90e44e0 WorkerThread "GC Thread#1"                     [id=9228, stack(0x0000001375700000,0x0000001375800000) (1024K)]
  0x000001b3e4c0b0b0 WorkerThread "GC Thread#2"                     [id=7416, stack(0x0000001375800000,0x0000001375900000) (1024K)]
  0x000001b3e4c0b460 WorkerThread "GC Thread#3"                     [id=24312, stack(0x0000001375900000,0x0000001375a00000) (1024K)]
  0x000001b3e9379eb0 WorkerThread "GC Thread#4"                     [id=24812, stack(0x0000001375a00000,0x0000001375b00000) (1024K)]
  0x000001b3e937a260 WorkerThread "GC Thread#5"                     [id=12380, stack(0x0000001375b00000,0x0000001375c00000) (1024K)]
  0x000001b3e937a610 WorkerThread "GC Thread#6"                     [id=26160, stack(0x0000001375c00000,0x0000001375d00000) (1024K)]
  0x000001b3e96233d0 WorkerThread "GC Thread#7"                     [id=27896, stack(0x0000001375f00000,0x0000001376000000) (1024K)]
  0x000001b3e9dccb60 WorkerThread "GC Thread#8"                     [id=28092, stack(0x0000001376300000,0x0000001376400000) (1024K)]
  0x000001b3e9d18410 WorkerThread "GC Thread#9"                     [id=2976, stack(0x0000001376400000,0x0000001376500000) (1024K)]
Total: 12

Threads with active compile tasks:
Total: 0

VM state: not at safepoint (normal execution)

VM Mutex/Monitor currently owned by a thread: None

Heap address: 0x0000000080000000, size: 2048 MB, Compressed Oops mode: 32-bit

CDS archive(s) mapped at: [0x000001b380000000-0x000001b380ba0000-0x000001b380ba0000), size 12189696, SharedBaseAddress: 0x000001b380000000, ArchiveRelocationMode: 1.
Compressed class space mapped at: 0x000001b381000000-0x000001b3c1000000, reserved size: 1073741824
Narrow klass base: 0x000001b380000000, Narrow klass shift: 0, Narrow klass range: 0x100000000

GC Precious Log:
 CardTable entry size: 512
 CPUs: 12 total, 12 available
 Memory: 7835M
 Large Page Support: Disabled
 NUMA Support: Disabled
 Compressed Oops: Enabled (32-bit)
 Alignments: Space 512K, Generation 512K, Heap 2M
 Heap Min Capacity: 100M
 Heap Initial Capacity: 100M
 Heap Max Capacity: 2G
 Pre-touch: Disabled
 Parallel Workers: 10

Heap:
 PSYoungGen      total 16896K, used 6333K [0x00000000d5580000, 0x00000000d6880000, 0x0000000100000000)
  eden space 15872K, 36% used [0x00000000d5580000,0x00000000d5b27588,0x00000000d6500000)
  from space 1024K, 53% used [0x00000000d6500000,0x00000000d6588020,0x00000000d6600000)
  to   space 1536K, 0% used [0x00000000d6700000,0x00000000d6700000,0x00000000d6880000)
 ParOldGen       total 68608K, used 44218K [0x0000000080000000, 0x0000000084300000, 0x00000000d5580000)
  object space 68608K, 64% used [0x0000000080000000,0x0000000082b2e9f0,0x0000000084300000)
 Metaspace       used 63458K, committed 64832K, reserved 1114112K
  class space    used 6716K, committed 7296K, reserved 1048576K

Card table byte_map: [0x000001b3cb8a0000,0x000001b3cbcb0000] _byte_map_base: 0x000001b3cb4a0000

Marking Bits: (ParMarkBitMap*) 0x00007ff9097c4460
 Begin Bits: [0x000001b3de3b0000, 0x000001b3e03b0000)
 End Bits:   [0x000001b3e03b0000, 0x000001b3e23b0000)

Polling page: 0x000001b3c9fb0000

Metaspace:

Usage:
  Non-class:     55.41 MB used.
      Class:      6.56 MB used.
       Both:     61.97 MB used.

Virtual space:
  Non-class space:       64.00 MB reserved,      56.19 MB ( 88%) committed,  1 nodes.
      Class space:        1.00 GB reserved,       7.12 MB ( <1%) committed,  1 nodes.
             Both:        1.06 GB reserved,      63.31 MB (  6%) committed. 

Chunk freelists:
   Non-Class:  7.75 MB
       Class:  8.85 MB
        Both:  16.60 MB

MaxMetaspaceSize: unlimited
CompressedClassSpaceSize: 1.00 GB
Initial GC threshold: 21.00 MB
Current GC threshold: 97.31 MB
CDS: on
 - commit_granule_bytes: 65536.
 - commit_granule_words: 8192.
 - virtual_space_node_default_size: 8388608.
 - enlarge_chunks_in_place: 1.
 - use_allocation_guard: 0.


Internal statistics:

num_allocs_failed_limit: 9.
num_arena_births: 1022.
num_arena_deaths: 14.
num_vsnodes_births: 2.
num_vsnodes_deaths: 0.
num_space_committed: 1013.
num_space_uncommitted: 0.
num_chunks_returned_to_freelist: 23.
num_chunks_taken_from_freelist: 3987.
num_chunk_merges: 14.
num_chunk_splits: 2435.
num_chunks_enlarged: 1357.
num_inconsistent_stats: 0.

CodeHeap 'non-profiled nmethods': size=120000Kb used=4574Kb max_used=4574Kb free=115425Kb
 bounds [0x000001b3d6bd0000, 0x000001b3d7050000, 0x000001b3de100000]
CodeHeap 'profiled nmethods': size=120000Kb used=19117Kb max_used=19117Kb free=100882Kb
 bounds [0x000001b3cf100000, 0x000001b3d03b0000, 0x000001b3d6630000]
CodeHeap 'non-nmethods': size=5760Kb used=1440Kb max_used=1530Kb free=4319Kb
 bounds [0x000001b3d6630000, 0x000001b3d68a0000, 0x000001b3d6bd0000]
CodeCache: size=245760Kb, used=25131Kb, max_used=25221Kb, free=220626Kb
 total_blobs=9435, nmethods=8677, adapters=664, full_count=0
Compilation: enabled, stopped_count=0, restarted_count=0

Compilation events (20 events):
Event: 45125.990 Thread 0x000001b3e48b8340 9359       3       java.util.logging.Logger::demandLogger (36 bytes)
Event: 45126.039 Thread 0x000001b3e48b8340 nmethod 9359 0x000001b3d03a7790 code [0x000001b3d03a7a20, 0x000001b3d03a84d0]
Event: 45126.039 Thread 0x000001b3e48b8340 9360       3       java.util.logging.LogManager::demandLogger (23 bytes)
Event: 45126.040 Thread 0x000001b3e48b8340 nmethod 9360 0x000001b3d03a8910 code [0x000001b3d03a8ac0, 0x000001b3d03a8c88]
Event: 45126.040 Thread 0x000001b3e48b8340 9361       3       java.util.logging.LogManager::demandLogger (53 bytes)
Event: 45126.044 Thread 0x000001b3e48b8340 nmethod 9361 0x000001b3d03a8d90 code [0x000001b3d03a8fc0, 0x000001b3d03a9618]
Event: 45840.900 Thread 0x000001b3e48b8340 9363   !   3       java.security.SecureRandom::nextBytes (46 bytes)
Event: 45840.927 Thread 0x000001b3e48b8340 nmethod 9363 0x000001b3d03a9890 code [0x000001b3d03a9aa0, 0x000001b3d03a9fb0]
Event: 45840.928 Thread 0x000001b3e48b8340 9365       3       java.util.Arrays::fill (21 bytes)
Event: 45840.929 Thread 0x000001b3e48b8340 nmethod 9365 0x000001b3d03aa290 code [0x000001b3d03aa440, 0x000001b3d03aa5d8]
Event: 45840.929 Thread 0x000001b3e48b8340 9364       3       sun.security.provider.DRBG::engineNextBytes (9 bytes)
Event: 45840.929 Thread 0x000001b3e48b8340 nmethod 9364 0x000001b3d03aa710 code [0x000001b3d03aa8c0, 0x000001b3d03aaa00]
Event: 45840.941 Thread 0x000001b3e48b8340 9366       3       org.eclipse.core.runtime.ListenerList$ListenerListIterator::next (39 bytes)
Event: 45840.951 Thread 0x000001b3e48b8340 nmethod 9366 0x000001b3d03aab10 code [0x000001b3d03aacc0, 0x000001b3d03aaf10]
Event: 46471.234 Thread 0x000001b3e48adc90 9367       4       java.util.concurrent.ThreadPoolExecutor::runStateAtLeast (11 bytes)
Event: 46471.249 Thread 0x000001b3e48adc90 nmethod 9367 0x000001b3d7047310 code [0x000001b3d70474a0, 0x000001b3d7047528]
Event: 46740.978 Thread 0x000001b3e48b8340 9368       3       java.util.UUID::randomUUID (63 bytes)
Event: 46740.997 Thread 0x000001b3e48b8340 nmethod 9368 0x000001b3d03ab010 code [0x000001b3d03ab1e0, 0x000001b3d03ab498]
Event: 46741.013 Thread 0x000001b3e48b8340 9369       1       org.eclipse.core.internal.jobs.InternalJob::setProgressMonitor (6 bytes)
Event: 46741.020 Thread 0x000001b3e48b8340 nmethod 9369 0x000001b3d7047610 code [0x000001b3d70477a0, 0x000001b3d7047888]

GC Heap History (20 events):
Event: 13.651 GC heap before
{Heap before GC invocations=31 (full 2):
 PSYoungGen      total 22016K, used 22000K [0x00000000d5580000, 0x00000000d6e00000, 0x0000000100000000)
  eden space 20992K, 100% used [0x00000000d5580000,0x00000000d6a00000,0x00000000d6a00000)
  from space 1024K, 98% used [0x00000000d6c00000,0x00000000d6cfc030,0x00000000d6d00000)
  to   space 2048K, 0% used [0x00000000d6a00000,0x00000000d6a00000,0x00000000d6c00000)
 ParOldGen       total 68608K, used 39737K [0x0000000080000000, 0x0000000084300000, 0x00000000d5580000)
  object space 68608K, 57% used [0x0000000080000000,0x00000000826ce4c0,0x0000000084300000)
 Metaspace       used 54512K, committed 55808K, reserved 1114112K
  class space    used 5883K, committed 6464K, reserved 1048576K
}
Event: 13.653 GC heap after
{Heap after GC invocations=31 (full 2):
 PSYoungGen      total 22016K, used 978K [0x00000000d5580000, 0x00000000d6d00000, 0x0000000100000000)
  eden space 20992K, 0% used [0x00000000d5580000,0x00000000d5580000,0x00000000d6a00000)
  from space 1024K, 95% used [0x00000000d6a00000,0x00000000d6af4bf8,0x00000000d6b00000)
  to   space 1536K, 0% used [0x00000000d6b80000,0x00000000d6b80000,0x00000000d6d00000)
 ParOldGen       total 68608K, used 40453K [0x0000000080000000, 0x0000000084300000, 0x00000000d5580000)
  object space 68608K, 58% used [0x0000000080000000,0x0000000082781500,0x0000000084300000)
 Metaspace       used 54512K, committed 55808K, reserved 1114112K
  class space    used 5883K, committed 6464K, reserved 1048576K
}
Event: 13.955 GC heap before
{Heap before GC invocations=32 (full 2):
 PSYoungGen      total 22016K, used 21970K [0x00000000d5580000, 0x00000000d6d00000, 0x0000000100000000)
  eden space 20992K, 100% used [0x00000000d5580000,0x00000000d6a00000,0x00000000d6a00000)
  from space 1024K, 95% used [0x00000000d6a00000,0x00000000d6af4bf8,0x00000000d6b00000)
  to   space 1536K, 0% used [0x00000000d6b80000,0x00000000d6b80000,0x00000000d6d00000)
 ParOldGen       total 68608K, used 40453K [0x0000000080000000, 0x0000000084300000, 0x00000000d5580000)
  object space 68608K, 58% used [0x0000000080000000,0x0000000082781500,0x0000000084300000)
 Metaspace       used 55279K, committed 56576K, reserved 1114112K
  class space    used 5927K, committed 6528K, reserved 1048576K
}
Event: 13.959 GC heap after
{Heap after GC invocations=32 (full 2):
 PSYoungGen      total 18432K, used 1509K [0x00000000d5580000, 0x00000000d7500000, 0x0000000100000000)
  eden space 16896K, 0% used [0x00000000d5580000,0x00000000d5580000,0x00000000d6600000)
  from space 1536K, 98% used [0x00000000d6b80000,0x00000000d6cf9788,0x00000000d6d00000)
  to   space 5632K, 0% used [0x00000000d6600000,0x00000000d6600000,0x00000000d6b80000)
 ParOldGen       total 68608K, used 43794K [0x0000000080000000, 0x0000000084300000, 0x00000000d5580000)
  object space 68608K, 63% used [0x0000000080000000,0x0000000082ac49f0,0x0000000084300000)
 Metaspace       used 55279K, committed 56576K, reserved 1114112K
  class space    used 5927K, committed 6528K, reserved 1048576K
}
Event: 14.011 GC heap before
{Heap before GC invocations=33 (full 2):
 PSYoungGen      total 18432K, used 18379K [0x00000000d5580000, 0x00000000d7500000, 0x0000000100000000)
  eden space 16896K, 99% used [0x00000000d5580000,0x00000000d65f9790,0x00000000d6600000)
  from space 1536K, 98% used [0x00000000d6b80000,0x00000000d6cf9788,0x00000000d6d00000)
  to   space 5632K, 0% used [0x00000000d6600000,0x00000000d6600000,0x00000000d6b80000)
 ParOldGen       total 68608K, used 43794K [0x0000000080000000, 0x0000000084300000, 0x00000000d5580000)
  object space 68608K, 63% used [0x0000000080000000,0x0000000082ac49f0,0x0000000084300000)
 Metaspace       used 55289K, committed 56576K, reserved 1114112K
  class space    used 5927K, committed 6528K, reserved 1048576K
}
Event: 14.014 GC heap after
{Heap after GC invocations=33 (full 2):
 PSYoungGen      total 17920K, used 937K [0x00000000d5580000, 0x00000000d6c00000, 0x0000000100000000)
  eden space 16896K, 0% used [0x00000000d5580000,0x00000000d5580000,0x00000000d6600000)
  from space 1024K, 91% used [0x00000000d6600000,0x00000000d66ea738,0x00000000d6700000)
  to   space 2560K, 0% used [0x00000000d6980000,0x00000000d6980000,0x00000000d6c00000)
 ParOldGen       total 68608K, used 45504K [0x0000000080000000, 0x0000000084300000, 0x00000000d5580000)
  object space 68608K, 66% used [0x0000000080000000,0x0000000082c702b0,0x0000000084300000)
 Metaspace       used 55289K, committed 56576K, reserved 1114112K
  class space    used 5927K, committed 6528K, reserved 1048576K
}
Event: 14.297 GC heap before
{Heap before GC invocations=34 (full 2):
 PSYoungGen      total 17920K, used 17832K [0x00000000d5580000, 0x00000000d6c00000, 0x0000000100000000)
  eden space 16896K, 99% used [0x00000000d5580000,0x00000000d65ffb30,0x00000000d6600000)
  from space 1024K, 91% used [0x00000000d6600000,0x00000000d66ea738,0x00000000d6700000)
  to   space 2560K, 0% used [0x00000000d6980000,0x00000000d6980000,0x00000000d6c00000)
 ParOldGen       total 68608K, used 45504K [0x0000000080000000, 0x0000000084300000, 0x00000000d5580000)
  object space 68608K, 66% used [0x0000000080000000,0x0000000082c702b0,0x0000000084300000)
 Metaspace       used 56916K, committed 58240K, reserved 1114112K
  class space    used 6085K, committed 6656K, reserved 1048576K
}
Event: 14.299 GC heap after
{Heap after GC invocations=34 (full 2):
 PSYoungGen      total 17408K, used 489K [0x00000000d5580000, 0x00000000d6a00000, 0x0000000100000000)
  eden space 16896K, 0% used [0x00000000d5580000,0x00000000d5580000,0x00000000d6600000)
  from space 512K, 95% used [0x00000000d6980000,0x00000000d69fa560,0x00000000d6a00000)
  to   space 1024K, 0% used [0x00000000d6800000,0x00000000d6800000,0x00000000d6900000)
 ParOldGen       total 68608K, used 45544K [0x0000000080000000, 0x0000000084300000, 0x00000000d5580000)
  object space 68608K, 66% used [0x0000000080000000,0x0000000082c7a2b0,0x0000000084300000)
 Metaspace       used 56916K, committed 58240K, reserved 1114112K
  class space    used 6085K, committed 6656K, reserved 1048576K
}
Event: 14.731 GC heap before
{Heap before GC invocations=35 (full 2):
 PSYoungGen      total 17408K, used 14487K [0x00000000d5580000, 0x00000000d6a00000, 0x0000000100000000)
  eden space 16896K, 82% used [0x00000000d5580000,0x00000000d632b6e8,0x00000000d6600000)
  from space 512K, 95% used [0x00000000d6980000,0x00000000d69fa560,0x00000000d6a00000)
  to   space 1024K, 0% used [0x00000000d6800000,0x00000000d6800000,0x00000000d6900000)
 ParOldGen       total 68608K, used 45544K [0x0000000080000000, 0x0000000084300000, 0x00000000d5580000)
  object space 68608K, 66% used [0x0000000080000000,0x0000000082c7a2b0,0x0000000084300000)
 Metaspace       used 58524K, committed 59776K, reserved 1114112K
  class space    used 6296K, committed 6848K, reserved 1048576K
}
Event: 14.733 GC heap after
{Heap after GC invocations=35 (full 2):
 PSYoungGen      total 17920K, used 992K [0x00000000d5580000, 0x00000000d6a00000, 0x0000000100000000)
  eden space 16896K, 0% used [0x00000000d5580000,0x00000000d5580000,0x00000000d6600000)
  from space 1024K, 96% used [0x00000000d6800000,0x00000000d68f8020,0x00000000d6900000)
  to   space 1024K, 0% used [0x00000000d6900000,0x00000000d6900000,0x00000000d6a00000)
 ParOldGen       total 68608K, used 45807K [0x0000000080000000, 0x0000000084300000, 0x00000000d5580000)
  object space 68608K, 66% used [0x0000000080000000,0x0000000082cbbf10,0x0000000084300000)
 Metaspace       used 58524K, committed 59776K, reserved 1114112K
  class space    used 6296K, committed 6848K, reserved 1048576K
}
Event: 14.733 GC heap before
{Heap before GC invocations=36 (full 3):
 PSYoungGen      total 17920K, used 992K [0x00000000d5580000, 0x00000000d6a00000, 0x0000000100000000)
  eden space 16896K, 0% used [0x00000000d5580000,0x00000000d5580000,0x00000000d6600000)
  from space 1024K, 96% used [0x00000000d6800000,0x00000000d68f8020,0x00000000d6900000)
  to   space 1024K, 0% used [0x00000000d6900000,0x00000000d6900000,0x00000000d6a00000)
 ParOldGen       total 68608K, used 45807K [0x0000000080000000, 0x0000000084300000, 0x00000000d5580000)
  object space 68608K, 66% used [0x0000000080000000,0x0000000082cbbf10,0x0000000084300000)
 Metaspace       used 58524K, committed 59776K, reserved 1114112K
  class space    used 6296K, committed 6848K, reserved 1048576K
}
Event: 14.807 GC heap after
{Heap after GC invocations=36 (full 3):
 PSYoungGen      total 17920K, used 0K [0x00000000d5580000, 0x00000000d6a00000, 0x0000000100000000)
  eden space 16896K, 0% used [0x00000000d5580000,0x00000000d5580000,0x00000000d6600000)
  from space 1024K, 0% used [0x00000000d6800000,0x00000000d6800000,0x00000000d6900000)
  to   space 1024K, 0% used [0x00000000d6900000,0x00000000d6900000,0x00000000d6a00000)
 ParOldGen       total 68608K, used 40380K [0x0000000080000000, 0x0000000084300000, 0x00000000d5580000)
  object space 68608K, 58% used [0x0000000080000000,0x000000008276f3c0,0x0000000084300000)
 Metaspace       used 58524K, committed 59776K, reserved 1114112K
  class space    used 6296K, committed 6848K, reserved 1048576K
}
Event: 15.279 GC heap before
{Heap before GC invocations=37 (full 3):
 PSYoungGen      total 17920K, used 16896K [0x00000000d5580000, 0x00000000d6a00000, 0x0000000100000000)
  eden space 16896K, 100% used [0x00000000d5580000,0x00000000d6600000,0x00000000d6600000)
  from space 1024K, 0% used [0x00000000d6800000,0x00000000d6800000,0x00000000d6900000)
  to   space 1024K, 0% used [0x00000000d6900000,0x00000000d6900000,0x00000000d6a00000)
 ParOldGen       total 68608K, used 40380K [0x0000000080000000, 0x0000000084300000, 0x00000000d5580000)
  object space 68608K, 58% used [0x0000000080000000,0x000000008276f3c0,0x0000000084300000)
 Metaspace       used 59816K, committed 61184K, reserved 1114112K
  class space    used 6433K, committed 7040K, reserved 1048576K
}
Event: 15.281 GC heap after
{Heap after GC invocations=37 (full 3):
 PSYoungGen      total 17920K, used 1016K [0x00000000d5580000, 0x00000000d6a00000, 0x0000000100000000)
  eden space 16896K, 0% used [0x00000000d5580000,0x00000000d5580000,0x00000000d6600000)
  from space 1024K, 99% used [0x00000000d6900000,0x00000000d69fe290,0x00000000d6a00000)
  to   space 2048K, 0% used [0x00000000d6600000,0x00000000d6600000,0x00000000d6800000)
 ParOldGen       total 68608K, used 40938K [0x0000000080000000, 0x0000000084300000, 0x00000000d5580000)
  object space 68608K, 59% used [0x0000000080000000,0x00000000827fa870,0x0000000084300000)
 Metaspace       used 59816K, committed 61184K, reserved 1114112K
  class space    used 6433K, committed 7040K, reserved 1048576K
}
Event: 15.731 GC heap before
{Heap before GC invocations=38 (full 3):
 PSYoungGen      total 17920K, used 17912K [0x00000000d5580000, 0x00000000d6a00000, 0x0000000100000000)
  eden space 16896K, 100% used [0x00000000d5580000,0x00000000d6600000,0x00000000d6600000)
  from space 1024K, 99% used [0x00000000d6900000,0x00000000d69fe290,0x00000000d6a00000)
  to   space 2048K, 0% used [0x00000000d6600000,0x00000000d6600000,0x00000000d6800000)
 ParOldGen       total 68608K, used 40938K [0x0000000080000000, 0x0000000084300000, 0x00000000d5580000)
  object space 68608K, 59% used [0x0000000080000000,0x00000000827fa870,0x0000000084300000)
 Metaspace       used 61294K, committed 62720K, reserved 1114112K
  class space    used 6553K, committed 7168K, reserved 1048576K
}
Event: 15.734 GC heap after
{Heap after GC invocations=38 (full 3):
 PSYoungGen      total 18944K, used 1024K [0x00000000d5580000, 0x00000000d6980000, 0x0000000100000000)
  eden space 16896K, 0% used [0x00000000d5580000,0x00000000d5580000,0x00000000d6600000)
  from space 2048K, 50% used [0x00000000d6600000,0x00000000d6700060,0x00000000d6800000)
  to   space 1536K, 0% used [0x00000000d6800000,0x00000000d6800000,0x00000000d6980000)
 ParOldGen       total 68608K, used 41957K [0x0000000080000000, 0x0000000084300000, 0x00000000d5580000)
  object space 68608K, 61% used [0x0000000080000000,0x00000000828f9680,0x0000000084300000)
 Metaspace       used 61294K, committed 62720K, reserved 1114112K
  class space    used 6553K, committed 7168K, reserved 1048576K
}
Event: 16.073 GC heap before
{Heap before GC invocations=39 (full 3):
 PSYoungGen      total 18944K, used 17918K [0x00000000d5580000, 0x00000000d6980000, 0x0000000100000000)
  eden space 16896K, 99% used [0x00000000d5580000,0x00000000d65ff980,0x00000000d6600000)
  from space 2048K, 50% used [0x00000000d6600000,0x00000000d6700060,0x00000000d6800000)
  to   space 1536K, 0% used [0x00000000d6800000,0x00000000d6800000,0x00000000d6980000)
 ParOldGen       total 68608K, used 41957K [0x0000000080000000, 0x0000000084300000, 0x00000000d5580000)
  object space 68608K, 61% used [0x0000000080000000,0x00000000828f9680,0x0000000084300000)
 Metaspace       used 62384K, committed 63744K, reserved 1114112K
  class space    used 6651K, committed 7232K, reserved 1048576K
}
Event: 16.075 GC heap after
{Heap after GC invocations=39 (full 3):
 PSYoungGen      total 17408K, used 1521K [0x00000000d5580000, 0x00000000d6c00000, 0x0000000100000000)
  eden space 15872K, 0% used [0x00000000d5580000,0x00000000d5580000,0x00000000d6500000)
  from space 1536K, 99% used [0x00000000d6800000,0x00000000d697c6c0,0x00000000d6980000)
  to   space 3072K, 0% used [0x00000000d6500000,0x00000000d6500000,0x00000000d6800000)
 ParOldGen       total 68608K, used 42949K [0x0000000080000000, 0x0000000084300000, 0x00000000d5580000)
  object space 68608K, 62% used [0x0000000080000000,0x00000000829f1740,0x0000000084300000)
 Metaspace       used 62384K, committed 63744K, reserved 1114112K
  class space    used 6651K, committed 7232K, reserved 1048576K
}
Event: 32.151 GC heap before
{Heap before GC invocations=40 (full 3):
 PSYoungGen      total 17408K, used 17393K [0x00000000d5580000, 0x00000000d6c00000, 0x0000000100000000)
  eden space 15872K, 100% used [0x00000000d5580000,0x00000000d6500000,0x00000000d6500000)
  from space 1536K, 99% used [0x00000000d6800000,0x00000000d697c6c0,0x00000000d6980000)
  to   space 3072K, 0% used [0x00000000d6500000,0x00000000d6500000,0x00000000d6800000)
 ParOldGen       total 68608K, used 42949K [0x0000000080000000, 0x0000000084300000, 0x00000000d5580000)
  object space 68608K, 62% used [0x0000000080000000,0x00000000829f1740,0x0000000084300000)
 Metaspace       used 62885K, committed 64192K, reserved 1114112K
  class space    used 6674K, committed 7232K, reserved 1048576K
}
Event: 32.165 GC heap after
{Heap after GC invocations=40 (full 3):
 PSYoungGen      total 16896K, used 544K [0x00000000d5580000, 0x00000000d6880000, 0x0000000100000000)
  eden space 15872K, 0% used [0x00000000d5580000,0x00000000d5580000,0x00000000d6500000)
  from space 1024K, 53% used [0x00000000d6500000,0x00000000d6588020,0x00000000d6600000)
  to   space 1536K, 0% used [0x00000000d6700000,0x00000000d6700000,0x00000000d6880000)
 ParOldGen       total 68608K, used 44218K [0x0000000080000000, 0x0000000084300000, 0x00000000d5580000)
  object space 68608K, 64% used [0x0000000080000000,0x0000000082b2e9f0,0x0000000084300000)
 Metaspace       used 62885K, committed 64192K, reserved 1114112K
  class space    used 6674K, committed 7232K, reserved 1048576K
}

Dll operation events (10 events):
Event: 0.013 Loaded shared library c:\Users\harih\.vscode\extensions\redhat.java-1.55.0-win32-x64\jre\21.0.11-win32-x86_64\bin\java.dll
Event: 0.099 Loaded shared library c:\Users\harih\.vscode\extensions\redhat.java-1.55.0-win32-x64\jre\21.0.11-win32-x86_64\bin\zip.dll
Event: 0.127 Loaded shared library C:\Users\harih\.vscode\extensions\redhat.java-1.55.0-win32-x64\jre\21.0.11-win32-x86_64\bin\instrument.dll
Event: 0.134 Loaded shared library C:\Users\harih\.vscode\extensions\redhat.java-1.55.0-win32-x64\jre\21.0.11-win32-x86_64\bin\net.dll
Event: 0.136 Loaded shared library C:\Users\harih\.vscode\extensions\redhat.java-1.55.0-win32-x64\jre\21.0.11-win32-x86_64\bin\nio.dll
Event: 0.141 Loaded shared library C:\Users\harih\.vscode\extensions\redhat.java-1.55.0-win32-x64\jre\21.0.11-win32-x86_64\bin\zip.dll
Event: 0.167 Loaded shared library C:\Users\harih\.vscode\extensions\redhat.java-1.55.0-win32-x64\jre\21.0.11-win32-x86_64\bin\jimage.dll
Event: 0.293 Loaded shared library c:\Users\harih\.vscode\extensions\redhat.java-1.55.0-win32-x64\jre\21.0.11-win32-x86_64\bin\verify.dll
Event: 2.473 Loaded shared library C:\Users\harih\AppData\Roaming\Code\User\globalStorage\redhat.java\1.55.0\config_win\org.eclipse.equinox.launcher\org.eclipse.equinox.launcher.win32.win32.x86_64_1.3.100.v20260613-0559\eclipse_11924.dll
Event: 7.168 Loaded shared library C:\Users\harih\AppData\Local\Temp\jna-99048824\jna13338883818681494197.dll

Deoptimization events (20 events):
Event: 309.261 Thread 0x000001b3e9c3d980 DEOPT PACKING pc=0x000001b3d030615e sp=0x0000001376afebf0
Event: 309.261 Thread 0x000001b3e9c3d980 DEOPT UNPACKING pc=0x000001b3d6684242 sp=0x0000001376afe148 mode 0
Event: 309.271 Thread 0x000001b3e9c3d980 DEOPT PACKING pc=0x000001b3d0306400 sp=0x0000001376afead0
Event: 309.271 Thread 0x000001b3e9c3d980 DEOPT UNPACKING pc=0x000001b3d6684242 sp=0x0000001376afe028 mode 0
Event: 309.277 Thread 0x000001b3e9c3d980 DEOPT PACKING pc=0x000001b3d0306400 sp=0x0000001376afead0
Event: 309.277 Thread 0x000001b3e9c3d980 DEOPT UNPACKING pc=0x000001b3d6684242 sp=0x0000001376afe028 mode 0
Event: 309.279 Thread 0x000001b3e9c3d980 DEOPT PACKING pc=0x000001b3d030615e sp=0x0000001376afebf0
Event: 309.279 Thread 0x000001b3e9c3d980 DEOPT UNPACKING pc=0x000001b3d6684242 sp=0x0000001376afe148 mode 0
Event: 43030.728 Thread 0x000001b3eb7fad00 Uncommon trap: trap_request=0xffffffde fr.pc=0x000001b3d6f35898 relative=0x0000000000000078
Event: 43030.743 Thread 0x000001b3eb7fad00 Uncommon trap: reason=class_check action=maybe_recompile pc=0x000001b3d6f35898 method=java.util.LinkedHashMap.afterNodeInsertion(Z)V @ 15 c2
Event: 43030.743 Thread 0x000001b3eb7fad00 DEOPT PACKING pc=0x000001b3d6f35898 sp=0x00000013746fea30
Event: 43030.746 Thread 0x000001b3eb7fad00 DEOPT UNPACKING pc=0x000001b3d6683aa2 sp=0x00000013746fe9a8 mode 2
Event: 43035.628 Thread 0x000001b3eb7fb390 DEOPT PACKING pc=0x000001b3cfe419d6 sp=0x00000013747fdea0
Event: 43035.631 Thread 0x000001b3eb7fb390 DEOPT UNPACKING pc=0x000001b3d6684242 sp=0x00000013747fd338 mode 0
Event: 43035.638 Thread 0x000001b3eb7fb390 Uncommon trap: trap_request=0xffffffde fr.pc=0x000001b3d6f35898 relative=0x0000000000000078
Event: 43035.639 Thread 0x000001b3eb7fb390 Uncommon trap: reason=class_check action=maybe_recompile pc=0x000001b3d6f35898 method=java.util.LinkedHashMap.afterNodeInsertion(Z)V @ 15 c2
Event: 43035.639 Thread 0x000001b3eb7fb390 DEOPT PACKING pc=0x000001b3d6f35898 sp=0x00000013747fee40
Event: 43035.639 Thread 0x000001b3eb7fb390 DEOPT UNPACKING pc=0x000001b3d6683aa2 sp=0x00000013747fedb8 mode 2
Event: 45840.917 Thread 0x000001b3e9c3d980 DEOPT PACKING pc=0x000001b3cf9930fc sp=0x0000001376afee30
Event: 45840.920 Thread 0x000001b3e9c3d980 DEOPT UNPACKING pc=0x000001b3d6684242 sp=0x0000001376afe2b8 mode 0

Classes loaded (20 events):
Event: 308.786 Loading class java/util/stream/Nodes$CollectorTask$OfRef
Event: 308.816 Loading class java/util/stream/Nodes$CollectorTask
Event: 308.909 Loading class java/util/stream/Nodes$CollectorTask done
Event: 308.909 Loading class java/util/stream/Nodes$CollectorTask$OfRef done
Event: 308.917 Loading class java/util/function/LongFunction
Event: 308.920 Loading class java/util/function/LongFunction done
Event: 308.929 Loading class java/util/stream/Nodes$ConcNode
Event: 308.937 Loading class java/util/stream/Nodes$AbstractConcNode
Event: 308.944 Loading class java/util/stream/Nodes$AbstractConcNode done
Event: 308.944 Loading class java/util/stream/Nodes$ConcNode done
Event: 308.960 Loading class java/util/stream/Nodes$ToArrayTask$OfRef
Event: 308.965 Loading class java/util/stream/Nodes$ToArrayTask
Event: 308.969 Loading class java/util/stream/Nodes$ToArrayTask done
Event: 308.970 Loading class java/util/stream/Nodes$ToArrayTask$OfRef done
Event: 309.002 Loading class java/io/ObjectOutputStream$BlockDataOutputStream
Event: 309.010 Loading class java/io/ObjectOutputStream$BlockDataOutputStream done
Event: 309.011 Loading class java/io/ObjectOutputStream$HandleTable
Event: 309.016 Loading class java/io/ObjectOutputStream$HandleTable done
Event: 309.018 Loading class java/io/ObjectOutputStream$ReplaceTable
Event: 309.021 Loading class java/io/ObjectOutputStream$ReplaceTable done

Classes unloaded (7 events):
Event: 7.926 Thread 0x000001b3e2994500 Unloading class 0x000001b3811a4800 'java/lang/invoke/LambdaForm$MH+0x000001b3811a4800'
Event: 7.926 Thread 0x000001b3e2994500 Unloading class 0x000001b3811a4400 'java/lang/invoke/LambdaForm$MH+0x000001b3811a4400'
Event: 7.926 Thread 0x000001b3e2994500 Unloading class 0x000001b3811a4000 'java/lang/invoke/LambdaForm$MH+0x000001b3811a4000'
Event: 7.926 Thread 0x000001b3e2994500 Unloading class 0x000001b3811a3c00 'java/lang/invoke/LambdaForm$MH+0x000001b3811a3c00'
Event: 7.926 Thread 0x000001b3e2994500 Unloading class 0x000001b3811a3800 'java/lang/invoke/LambdaForm$BMH+0x000001b3811a3800'
Event: 7.926 Thread 0x000001b3e2994500 Unloading class 0x000001b3811a3400 'java/lang/invoke/LambdaForm$DMH+0x000001b3811a3400'
Event: 7.926 Thread 0x000001b3e2994500 Unloading class 0x000001b3811a2000 'java/lang/invoke/LambdaForm$DMH+0x000001b3811a2000'

Classes redefined (0 events):
No events

Internal exceptions (20 events):
Event: 16.328 Thread 0x000001b3e9c3e6a0 Exception <a 'java/lang/NullPointerException'{0x00000000d6163f30}> (0x00000000d6163f30) 
thrown [s\src\hotspot\share\runtime\sharedRuntime.cpp, line 625]
Event: 16.328 Thread 0x000001b3e9c3e6a0 Implicit null exception at 0x000001b3d02df5a1 to 0x000001b3d02df79d
Event: 16.328 Thread 0x000001b3e9c3e6a0 Exception <a 'java/lang/NullPointerException'{0x00000000d6164580}> (0x00000000d6164580) 
thrown [s\src\hotspot\share\runtime\sharedRuntime.cpp, line 625]
Event: 16.328 Thread 0x000001b3e9c3e6a0 Implicit null exception at 0x000001b3d02df5a1 to 0x000001b3d02df79d
Event: 16.328 Thread 0x000001b3e9c3e6a0 Exception <a 'java/lang/NullPointerException'{0x00000000d6164968}> (0x00000000d6164968) 
thrown [s\src\hotspot\share\runtime\sharedRuntime.cpp, line 625]
Event: 16.352 Thread 0x000001b3e9c3e6a0 Implicit null exception at 0x000001b3d02df5a1 to 0x000001b3d02df79d
Event: 16.352 Thread 0x000001b3e9c3e6a0 Exception <a 'java/lang/NullPointerException'{0x00000000d6230550}> (0x00000000d6230550) 
thrown [s\src\hotspot\share\runtime\sharedRuntime.cpp, line 625]
Event: 16.352 Thread 0x000001b3e9c3e6a0 Implicit null exception at 0x000001b3d02df5a1 to 0x000001b3d02df79d
Event: 16.352 Thread 0x000001b3e9c3e6a0 Exception <a 'java/lang/NullPointerException'{0x00000000d6230a90}> (0x00000000d6230a90) 
thrown [s\src\hotspot\share\runtime\sharedRuntime.cpp, line 625]
Event: 16.352 Thread 0x000001b3e9c3e6a0 Exception <a 'java/lang/NullPointerException'{0x00000000d6230ec8}> (0x00000000d6230ec8) 
thrown [s\src\hotspot\share\interpreter\linkResolver.cpp, line 1372]
Event: 16.352 Thread 0x000001b3e9c3e6a0 Implicit null exception at 0x000001b3d02df5a1 to 0x000001b3d02df79d
Event: 16.352 Thread 0x000001b3e9c3e6a0 Exception <a 'java/lang/NullPointerException'{0x00000000d62313f8}> (0x00000000d62313f8) 
thrown [s\src\hotspot\share\runtime\sharedRuntime.cpp, line 625]
Event: 16.352 Thread 0x000001b3e9c3e6a0 Implicit null exception at 0x000001b3d02df5a1 to 0x000001b3d02df79d
Event: 16.352 Thread 0x000001b3e9c3e6a0 Exception <a 'java/lang/NullPointerException'{0x00000000d6231a60}> (0x00000000d6231a60) 
thrown [s\src\hotspot\share\runtime\sharedRuntime.cpp, line 625]
Event: 16.353 Thread 0x000001b3e9c3e6a0 Implicit null exception at 0x000001b3d02df5a1 to 0x000001b3d02df79d
Event: 16.353 Thread 0x000001b3e9c3e6a0 Exception <a 'java/lang/NullPointerException'{0x00000000d6231e48}> (0x00000000d6231e48) 
thrown [s\src\hotspot\share\runtime\sharedRuntime.cpp, line 625]
Event: 309.231 Thread 0x000001b3e9c3d980 Exception <a 'java/lang/NoSuchMethodError'{0x00000000d592da40}: 'java.lang.Object java.lang.invoke.DirectMethodHandle$Holder.newInvokeSpecial(java.lang.Object, java.lang.Object, java.lang.Object, java.lang.Object, java.lang.Object, java.lang.Object, java.lang.Object, java.lang.Object)'> (0x00000000d592da40) 
thrown [s\src\hotspot\share\interpreter\linkResolver.cpp, line 773]
Event: 43029.272 Thread 0x000001b3ea743690 Exception <a 'java/lang/IncompatibleClassChangeError'{0x00000000d597a0e0}: Found class java.lang.Object, but interface was expected> (0x00000000d597a0e0) 
thrown [s\src\hotspot\share\interpreter\linkResolver.cpp, line 840]
Event: 43033.785 Thread 0x000001b3ea743690 Exception <a 'java/lang/IncompatibleClassChangeError'{0x00000000d5a17120}: Found class java.lang.Object, but interface was expected> (0x00000000d5a17120) 
thrown [s\src\hotspot\share\interpreter\linkResolver.cpp, line 840]
Event: 43034.771 Thread 0x000001b3eb7fad00 Exception <a 'java/lang/NoSuchMethodError'{0x00000000d5a51ef0}: 'java.lang.Object java.lang.invoke.DirectMethodHandle$Holder.invokeSpecial(java.lang.Object, java.lang.Object, java.lang.Object, java.lang.Object, int, java.lang.Object, java.lang.Object)'> (0x00000000d5a51ef0) 
thrown [s\src\hotspot\share\interpreter\linkResolver.cpp, line 773]

ZGC Phase Switch (0 events):
No events

VM Operations (20 events):
Event: 46254.992 Executing non-safepoint VM operation: HandshakeAllThreads (HandshakeForDeflation)
Event: 46254.994 Executing non-safepoint VM operation: HandshakeAllThreads (HandshakeForDeflation) done
Event: 46254.994 Executing non-safepoint VM operation: RendezvousGCThreads
Event: 46254.994 Executing non-safepoint VM operation: RendezvousGCThreads done
Event: 46315.184 Executing non-safepoint VM operation: HandshakeAllThreads (HandshakeForDeflation)
Event: 46315.184 Executing non-safepoint VM operation: HandshakeAllThreads (HandshakeForDeflation) done
Event: 46315.184 Executing non-safepoint VM operation: RendezvousGCThreads
Event: 46315.184 Executing non-safepoint VM operation: RendezvousGCThreads done
Event: 46435.525 Executing non-safepoint VM operation: HandshakeAllThreads (HandshakeForDeflation)
Event: 46435.525 Executing non-safepoint VM operation: HandshakeAllThreads (HandshakeForDeflation) done
Event: 46435.525 Executing non-safepoint VM operation: RendezvousGCThreads
Event: 46435.525 Executing non-safepoint VM operation: RendezvousGCThreads done
Event: 46495.776 Executing non-safepoint VM operation: HandshakeAllThreads (HandshakeForDeflation)
Event: 46495.776 Executing non-safepoint VM operation: HandshakeAllThreads (HandshakeForDeflation) done
Event: 46495.776 Executing non-safepoint VM operation: RendezvousGCThreads
Event: 46495.776 Executing non-safepoint VM operation: RendezvousGCThreads done
Event: 46736.566 Executing non-safepoint VM operation: HandshakeAllThreads (HandshakeForDeflation)
Event: 46736.570 Executing non-safepoint VM operation: HandshakeAllThreads (HandshakeForDeflation) done
Event: 46736.570 Executing non-safepoint VM operation: RendezvousGCThreads
Event: 46736.570 Executing non-safepoint VM operation: RendezvousGCThreads done

Memory protections (0 events):
No events

Nmethod flushes (20 events):
Event: 14.762 Thread 0x000001b3e2994500 flushing  nmethod 0x000001b3cf95c390
Event: 14.762 Thread 0x000001b3e2994500 flushing  nmethod 0x000001b3cf95ff90
Event: 14.762 Thread 0x000001b3e2994500 flushing  nmethod 0x000001b3cf974d10
Event: 14.762 Thread 0x000001b3e2994500 flushing  nmethod 0x000001b3cf975d10
Event: 14.762 Thread 0x000001b3e2994500 flushing  nmethod 0x000001b3cf976190
Event: 14.762 Thread 0x000001b3e2994500 flushing  nmethod 0x000001b3cf976710
Event: 14.762 Thread 0x000001b3e2994500 flushing  nmethod 0x000001b3cf976c90
Event: 14.762 Thread 0x000001b3e2994500 flushing  nmethod 0x000001b3cf977010
Event: 14.762 Thread 0x000001b3e2994500 flushing  nmethod 0x000001b3cf977f10
Event: 14.762 Thread 0x000001b3e2994500 flushing  nmethod 0x000001b3cf978510
Event: 14.762 Thread 0x000001b3e2994500 flushing  nmethod 0x000001b3cf978d90
Event: 14.762 Thread 0x000001b3e2994500 flushing  nmethod 0x000001b3cf979290
Event: 14.762 Thread 0x000001b3e2994500 flushing  nmethod 0x000001b3cf979e90
Event: 14.762 Thread 0x000001b3e2994500 flushing  nmethod 0x000001b3cf97ad10
Event: 14.762 Thread 0x000001b3e2994500 flushing  nmethod 0x000001b3cf9bfa90
Event: 14.762 Thread 0x000001b3e2994500 flushing  nmethod 0x000001b3cf9c0210
Event: 14.762 Thread 0x000001b3e2994500 flushing  nmethod 0x000001b3cf9c0810
Event: 14.762 Thread 0x000001b3e2994500 flushing  nmethod 0x000001b3cf9c1910
Event: 14.762 Thread 0x000001b3e2994500 flushing  nmethod 0x000001b3cf9c2210
Event: 14.762 Thread 0x000001b3e2994500 flushing  nmethod 0x000001b3cf9c2c90

Events (20 events):
Event: 312.528 Thread 0x000001b3ea7471a0 Thread exited: 0x000001b3ea7471a0
Event: 312.532 Thread 0x000001b3ea744a40 Thread exited: 0x000001b3ea744a40
Event: 312.544 Thread 0x000001b3ea7443b0 Thread exited: 0x000001b3ea7443b0
Event: 312.544 Thread 0x000001b3ea743000 Thread exited: 0x000001b3ea743000
Event: 312.544 Thread 0x000001b3ea745760 Thread exited: 0x000001b3ea745760
Event: 312.545 Thread 0x000001b3ea747830 Thread exited: 0x000001b3ea747830
Event: 312.559 Thread 0x000001b3ea745df0 Thread exited: 0x000001b3ea745df0
Event: 312.559 Thread 0x000001b3ea743d20 Thread exited: 0x000001b3ea743d20
Event: 312.560 Thread 0x000001b3ea746480 Thread exited: 0x000001b3ea746480
Event: 313.002 Thread 0x000001b3eb7fb390 Thread exited: 0x000001b3eb7fb390
Event: 315.650 Thread 0x000001b3ea748550 Thread exited: 0x000001b3ea748550
Event: 316.197 Thread 0x000001b3eb7f9fe0 Thread exited: 0x000001b3eb7f9fe0
Event: 376.206 Thread 0x000001b3eb7fba20 Thread exited: 0x000001b3eb7fba20
Event: 436.213 Thread 0x000001b3eb7fc740 Thread exited: 0x000001b3eb7fc740
Event: 615.662 Thread 0x000001b3ea7450d0 Thread exited: 0x000001b3ea7450d0
Event: 915.683 Thread 0x000001b3ea748be0 Thread exited: 0x000001b3ea748be0
Event: 43029.415 Thread 0x000001b3ea743690 Thread added: 0x000001b3eb7fad00
Event: 43029.766 Thread 0x000001b3eb7fad00 Thread added: 0x000001b3eb7fb390
Event: 43095.674 Thread 0x000001b3eb7fb390 Thread exited: 0x000001b3eb7fb390
Event: 43155.667 Thread 0x000001b3eb7fad00 Thread exited: 0x000001b3eb7fad00


Dynamic libraries:
0x00007ff65ffc0000 - 0x00007ff65ffce000 	c:\Users\harih\.vscode\extensions\redhat.java-1.55.0-win32-x64\jre\21.0.11-win32-x86_64\bin\java.exe
0x00007ffa3a7e0000 - 0x00007ffa3aa46000 	C:\WINDOWS\SYSTEM32\ntdll.dll
0x00007ffa398d0000 - 0x00007ffa39999000 	C:\WINDOWS\System32\KERNEL32.DLL
0x00007ffa380a0000 - 0x00007ffa3849a000 	C:\WINDOWS\System32\KERNELBASE.dll
0x00007ffa37f50000 - 0x00007ffa3809c000 	C:\WINDOWS\System32\ucrtbase.dll
0x00007ffa25000000 - 0x00007ffa25018000 	c:\Users\harih\.vscode\extensions\redhat.java-1.55.0-win32-x64\jre\21.0.11-win32-x86_64\bin\jli.dll
0x00007ffa31b80000 - 0x00007ffa31b9e000 	c:\Users\harih\.vscode\extensions\redhat.java-1.55.0-win32-x64\jre\21.0.11-win32-x86_64\bin\VCRUNTIME140.dll
0x00007ffa3a100000 - 0x00007ffa3a2c7000 	C:\WINDOWS\System32\USER32.dll
0x00007ffa37b20000 - 0x00007ffa37b47000 	C:\WINDOWS\System32\win32u.dll
0x00007ffa38fb0000 - 0x00007ffa38fdb000 	C:\WINDOWS\System32\GDI32.dll
0x00007ffa12da0000 - 0x00007ffa13032000 	C:\WINDOWS\WinSxS\amd64_microsoft.windows.common-controls_6595b64144ccf1df_6.0.26100.8521_none_3e08b75ce33403b3\COMCTL32.dll
0x00007ffa37d60000 - 0x00007ffa37e8b000 	C:\WINDOWS\System32\gdi32full.dll
0x00007ffa384a0000 - 0x00007ffa38543000 	C:\WINDOWS\System32\msvcp_win.dll
0x00007ffa38650000 - 0x00007ffa386f9000 	C:\WINDOWS\System32\msvcrt.dll
0x00007ffa3a440000 - 0x00007ffa3a472000 	C:\WINDOWS\System32\IMM32.DLL
0x00007ffa2f790000 - 0x00007ffa2f79c000 	c:\Users\harih\.vscode\extensions\redhat.java-1.55.0-win32-x64\jre\21.0.11-win32-x86_64\bin\vcruntime140_1.dll
0x00007ffa18980000 - 0x00007ffa18a0d000 	c:\Users\harih\.vscode\extensions\redhat.java-1.55.0-win32-x64\jre\21.0.11-win32-x86_64\bin\msvcp140.dll
0x00007ff908b00000 - 0x00007ff9098a2000 	c:\Users\harih\.vscode\extensions\redhat.java-1.55.0-win32-x64\jre\21.0.11-win32-x86_64\bin\server\jvm.dll
0x00007ffa3a620000 - 0x00007ffa3a6d6000 	C:\WINDOWS\System32\ADVAPI32.dll
0x00007ffa3a6f0000 - 0x00007ffa3a79a000 	C:\WINDOWS\System32\sechost.dll
0x00007ffa39e30000 - 0x00007ffa39f48000 	C:\WINDOWS\System32\RPCRT4.dll
0x00007ffa38ff0000 - 0x00007ffa39070000 	C:\WINDOWS\System32\WS2_32.dll
0x00007ffa378d0000 - 0x00007ffa3792e000 	C:\WINDOWS\SYSTEM32\POWRPROF.dll
0x00007ffa2f860000 - 0x00007ffa2f896000 	C:\WINDOWS\SYSTEM32\WINMM.dll
0x00007ffa24330000 - 0x00007ffa2433b000 	C:\WINDOWS\SYSTEM32\VERSION.dll
0x00007ffa378b0000 - 0x00007ffa378c4000 	C:\WINDOWS\SYSTEM32\UMPDC.dll
0x00007ffa36800000 - 0x00007ffa3681b000 	C:\WINDOWS\SYSTEM32\kernel.appcore.dll
0x00007ffa2f730000 - 0x00007ffa2f73a000 	c:\Users\harih\.vscode\extensions\redhat.java-1.55.0-win32-x64\jre\21.0.11-win32-x86_64\bin\jimage.dll
0x00007ffa350e0000 - 0x00007ffa35322000 	C:\WINDOWS\SYSTEM32\DBGHELP.DLL
0x00007ffa38960000 - 0x00007ffa38ce3000 	C:\WINDOWS\System32\combase.dll
0x00007ffa38cf0000 - 0x00007ffa38dc9000 	C:\WINDOWS\System32\OLEAUT32.dll
0x00007ffa07ec0000 - 0x00007ffa07efb000 	C:\WINDOWS\SYSTEM32\dbgcore.DLL
0x00007ffa37a70000 - 0x00007ffa37b18000 	C:\WINDOWS\System32\bcryptPrimitives.dll
0x00007ffa2f600000 - 0x00007ffa2f60f000 	c:\Users\harih\.vscode\extensions\redhat.java-1.55.0-win32-x64\jre\21.0.11-win32-x86_64\bin\instrument.dll
0x00007ffa18960000 - 0x00007ffa18980000 	c:\Users\harih\.vscode\extensions\redhat.java-1.55.0-win32-x64\jre\21.0.11-win32-x86_64\bin\java.dll
0x00007ffa39140000 - 0x00007ffa398c4000 	C:\WINDOWS\System32\SHELL32.dll
0x00007ffa35600000 - 0x00007ffa35e80000 	C:\WINDOWS\SYSTEM32\windows.storage.dll
0x00007ffa39f50000 - 0x00007ffa3a046000 	C:\WINDOWS\System32\SHCORE.dll
0x00007ffa390d0000 - 0x00007ffa39137000 	C:\WINDOWS\System32\shlwapi.dll
0x00007ffa37990000 - 0x00007ffa379b9000 	C:\WINDOWS\SYSTEM32\profapi.dll
0x00007ffa18940000 - 0x00007ffa18958000 	c:\Users\harih\.vscode\extensions\redhat.java-1.55.0-win32-x64\jre\21.0.11-win32-x86_64\bin\zip.dll
0x00007ffa2f5f0000 - 0x00007ffa2f600000 	C:\Users\harih\.vscode\extensions\redhat.java-1.55.0-win32-x64\jre\21.0.11-win32-x86_64\bin\net.dll
0x00007ffa2e6e0000 - 0x00007ffa2e809000 	C:\WINDOWS\SYSTEM32\WINHTTP.dll
0x00007ffa36d70000 - 0x00007ffa36ddc000 	C:\WINDOWS\system32\mswsock.dll
0x00007ff9b7520000 - 0x00007ff9b7536000 	C:\Users\harih\.vscode\extensions\redhat.java-1.55.0-win32-x64\jre\21.0.11-win32-x86_64\bin\nio.dll
0x00007ffa180c0000 - 0x00007ffa180d0000 	c:\Users\harih\.vscode\extensions\redhat.java-1.55.0-win32-x64\jre\21.0.11-win32-x86_64\bin\verify.dll
0x00007ff982420000 - 0x00007ff982465000 	C:\Users\harih\AppData\Roaming\Code\User\globalStorage\redhat.java\1.55.0\config_win\org.eclipse.equinox.launcher\org.eclipse.equinox.launcher.win32.win32.x86_64_1.3.100.v20260613-0559\eclipse_11924.dll
0x00007ffa3a480000 - 0x00007ffa3a618000 	C:\WINDOWS\System32\ole32.dll
0x00007ffa37050000 - 0x00007ffa3706b000 	C:\WINDOWS\SYSTEM32\CRYPTSP.dll
0x00007ffa36760000 - 0x00007ffa36799000 	C:\WINDOWS\system32\rsaenh.dll
0x00007ffa36e20000 - 0x00007ffa36e53000 	C:\WINDOWS\SYSTEM32\USERENV.dll
0x00007ffa37960000 - 0x00007ffa3798a000 	C:\WINDOWS\SYSTEM32\bcrypt.dll
0x00007ffa37070000 - 0x00007ffa3707c000 	C:\WINDOWS\SYSTEM32\CRYPTBASE.dll
0x00007ffa361b0000 - 0x00007ffa361e3000 	C:\WINDOWS\SYSTEM32\IPHLPAPI.DLL
0x00007ffa3a370000 - 0x00007ffa3a37a000 	C:\WINDOWS\System32\NSI.dll
0x00007ff909c30000 - 0x00007ff909c79000 	C:\Users\harih\AppData\Local\Temp\jna-99048824\jna13338883818681494197.dll
0x00007ffa3a6e0000 - 0x00007ffa3a6e8000 	C:\WINDOWS\System32\PSAPI.DLL
0x00007ffa2ea20000 - 0x00007ffa2ea3d000 	C:\WINDOWS\SYSTEM32\dhcpcsvc6.DLL
0x00007ffa2e9d0000 - 0x00007ffa2e9f5000 	C:\WINDOWS\SYSTEM32\dhcpcsvc.DLL

JVMTI agents:
c:\Users\harih\.vscode\extensions\redhat.java-1.55.0-win32-x64\lombok\lombok-1.18.39-4050.jar path:c:\Users\harih\.vscode\extensions\redhat.java-1.55.0-win32-x64\jre\21.0.11-win32-x86_64\bin\instrument.dll, loaded, initialized, instrumentlib options:none

dbghelp: loaded successfully - version: 4.0.5 - missing functions: none
symbol engine: initialized successfully - sym options: 0x614 - pdb path: .;c:\Users\harih\.vscode\extensions\redhat.java-1.55.0-win32-x64\jre\21.0.11-win32-x86_64\bin;C:\WINDOWS\SYSTEM32;C:\WINDOWS\WinSxS\amd64_microsoft.windows.common-controls_6595b64144ccf1df_6.0.26100.8521_none_3e08b75ce33403b3;c:\Users\harih\.vscode\extensions\redhat.java-1.55.0-win32-x64\jre\21.0.11-win32-x86_64\bin\server;C:\Users\harih\AppData\Roaming\Code\User\globalStorage\redhat.java\1.55.0\config_win\org.eclipse.equinox.launcher\org.eclipse.equinox.launcher.win32.win32.x86_64_1.3.100.v20260613-0559;C:\Users\harih\AppData\Local\Temp\jna-99048824

VM Arguments:
jvm_args: --add-modules=ALL-SYSTEM --add-opens=java.base/java.util=ALL-UNNAMED --add-opens=java.base/java.lang=ALL-UNNAMED --add-opens=java.base/sun.nio.fs=ALL-UNNAMED -Declipse.application=org.eclipse.jdt.ls.core.id1 -Dosgi.bundles.defaultStartLevel=4 -Declipse.product=org.eclipse.jdt.ls.core.product -Djava.import.generatesMetadataFilesAtProjectRoot=false -DDetectVMInstallationsJob.disabled=true -Dfile.encoding=utf8 -XX:+UseParallelGC -XX:GCTimeRatio=4 -XX:AdaptiveSizePolicyWeight=90 -Dsun.zip.disableMemoryMapping=true -Xmx2G -Xms100m -Xlog:disable -javaagent:c:\Users\harih\.vscode\extensions\redhat.java-1.55.0-win32-x64\lombok\lombok-1.18.39-4050.jar -XX:+HeapDumpOnOutOfMemoryError -XX:HeapDumpPath=c:\Users\harih\AppData\Roaming\Code\User\workspaceStorage\0c793caedbd332c6f4d1b4298d784989\redhat.java -Daether.dependencyCollector.impl=bf 
java_command: c:\Users\harih\.vscode\extensions\redhat.java-1.55.0-win32-x64\server\plugins\org.eclipse.equinox.launcher_1.7.200.v20260619-2039.jar -configuration c:\Users\harih\AppData\Roaming\Code\User\globalStorage\redhat.java\1.55.0\config_win -data c:\Users\harih\AppData\Roaming\Code\User\workspaceStorage\0c793caedbd332c6f4d1b4298d784989\redhat.java\jdt_ws --pipe=\\.\pipe\lsp-87bd533014fcf2f63a9925540d22b9da-sock
java_class_path (initial): c:\Users\harih\.vscode\extensions\redhat.java-1.55.0-win32-x64\server\plugins\org.eclipse.equinox.launcher_1.7.200.v20260619-2039.jar
Launcher Type: SUN_STANDARD

[Global flags]
    uintx AdaptiveSizePolicyWeight                 = 90                                        {product} {command line}
     intx CICompilerCount                          = 4                                         {product} {ergonomic}
    uintx GCTimeRatio                              = 4                                         {product} {command line}
     bool HeapDumpOnOutOfMemoryError               = true                                   {manageable} {command line}
    ccstr HeapDumpPath                             = c:\Users\harih\AppData\Roaming\Code\User\workspaceStorage\0c793caedbd332c6f4d1b4298d784989\redhat.java         {manageable} {command line}
   size_t InitialHeapSize                          = 104857600                                 {product} {command line}
   size_t MaxHeapSize                              = 2147483648                                {product} {command line}
   size_t MaxNewSize                               = 715653120                                 {product} {ergonomic}
   size_t MinHeapDeltaBytes                        = 524288                                    {product} {ergonomic}
   size_t MinHeapSize                              = 104857600                                 {product} {command line}
   size_t NewSize                                  = 34603008                                  {product} {ergonomic}
    uintx NonNMethodCodeHeapSize                   = 5839372                                {pd product} {ergonomic}
    uintx NonProfiledCodeHeapSize                  = 122909434                              {pd product} {ergonomic}
   size_t OldSize                                  = 70254592                                  {product} {ergonomic}
    uintx ProfiledCodeHeapSize                     = 122909434                              {pd product} {ergonomic}
    uintx ReservedCodeCacheSize                    = 251658240                              {pd product} {ergonomic}
     bool SegmentedCodeCache                       = true                                      {product} {ergonomic}
   size_t SoftMaxHeapSize                          = 2147483648                             {manageable} {ergonomic}
     bool UseCompressedOops                        = true                           {product lp64_product} {ergonomic}
     bool UseLargePagesIndividualAllocation        = false                                  {pd product} {ergonomic}
     bool UseParallelGC                            = true                                      {product} {command line}

Logging:
Log output configuration:
 #0: stdout all=off uptime,level,tags foldmultilines=false
 #1: stderr all=off uptime,level,tags foldmultilines=false

Release file:
JAVA_VERSION="21.0.11" 
MODULES="java.base java.compiler java.datatransfer java.xml java.prefs java.desktop java.instrument java.logging java.management java.security.sasl java.naming java.rmi java.management.rmi java.net.http java.scripting java.security.jgss java.transaction.xa java.sql java.sql.rowset java.xml.crypto java.se java.smartcardio jdk.accessibility jdk.internal.jvmstat jdk.attach jdk.charsets jdk.internal.opt jdk.zipfs jdk.compiler jdk.crypto.ec jdk.crypto.cryptoki jdk.crypto.mscapi jdk.dynalink jdk.internal.ed jdk.editpad jdk.hotspot.agent jdk.httpserver jdk.internal.le jdk.internal.vm.ci jdk.internal.vm.compiler jdk.internal.vm.compiler.management jdk.jartool jdk.javadoc jdk.jcmd jdk.management jdk.management.agent jdk.jconsole jdk.jdeps jdk.jdwp.agent jdk.jdi jdk.jfr jdk.jshell jdk.jsobject jdk.jstatd jdk.localedata jdk.management.jfr jdk.naming.dns jdk.naming.rmi jdk.net jdk.nio.mapmode jdk.random jdk.sctp jdk.security.auth jdk.security.jgss jdk.unsupported jdk.unsupported.desktop jdk.xml.dom" 

Environment Variables:
JAVA_HOME=C:\Program Files\Java\jdk-19
PATH=C:\Program Files\Java\jdk-19\bin;C:\WINDOWS\system32;C:\WINDOWS;C:\WINDOWS\System32\Wbem;C:\WINDOWS\System32\WindowsPowerShell\v1.0\;C:\WINDOWS\System32\OpenSSH\;C:\Program Files\Java\jdk-19\bin;C:\Program Files\apache-maven-3.9.11\bin;C:\Program Files\Git\cmd;C:\Program Files\apache-maven-3.9.11\bin;C:\Program Files\Amazon\AWSCLIV2\;C:\nvm4w;C:\nvm4w\nodejs;C:\Program Files\nodejs\;C:\ProgramData\chocolatey\bin;C:\Program Files\MySQL\MySQL Shell 8.0\bin\;C:\Users\harih\AppData\Local\Programs\Python\Launcher\;C:\Users\harih\AppData\Local\Microsoft\WindowsApps;C:\Users\harih\AppData\Local\Python\bin;C:\Program Files\Java\jdk-19\bin;C:\Users\harih\AppData\Local\Programs\Microsoft VS Code\bin;C:\Users\harih\AppData\Local\Programs\Antigravity\bin;C:\Users\harih\Downloads\Release-25.12.0-0\poppler-25.12.0\Library\lib;C:\Users\harih\AppData\Local\Programs\Kiro\bin;C:\Users\harih\Downloads\node-v24.14.1-win-x64\node-v24.14.1-win-x64\node_modules\npm\lib;D:\Apps\Postgrel;C:\nvm4w;C:\nvm4w\nodejs;C:\Users\harih\AppData\Roaming\npm
USERNAME=harih
OS=Windows_NT
PROCESSOR_IDENTIFIER=Intel64 Family 6 Model 186 Stepping 3, GenuineIntel
TMP=C:\Users\harih\AppData\Local\Temp
TEMP=C:\Users\harih\AppData\Local\Temp




Periodic native trim disabled

---------------  S Y S T E M  ---------------

OS:
 Windows 11 , 64 bit Build 26100 (10.0.26100.8521)
OS uptime: 0 days 21:23 hours
Hyper-V role detected

CPU: total 12 (initial active 12) (6 cores per cpu, 2 threads per core) family 6 model 186 stepping 3 microcode 0x6134, cx8, cmov, fxsr, ht, mmx, 3dnowpref, sse, sse2, sse3, ssse3, sse4.1, sse4.2, popcnt, lzcnt, tsc, tscinvbit, avx, avx2, aes, erms, clmul, bmi1, bmi2, adx, sha, fma, vzeroupper, clflush, clflushopt, clwb, hv, serialize, rdtscp, rdpid, fsrm, f16c, cet_ibt, cet_ss
Processor Information for the first 12 processors :
  Max Mhz: 1300, Current Mhz: 1300, Mhz Limit: 1300

Memory: 4k page, system-wide physical 7835M (11M free)
TotalPageFile size 23259M (AvailPageFile size 90M)
current process WorkingSet (physical memory assigned to process): 7M, peak: 272M
current process commit charge ("private bytes"): 338M, peak: 389M

vm_info: OpenJDK 64-Bit Server VM (21.0.11+10-LTS) for windows-amd64 JRE (21.0.11+10-LTS), built on 2026-04-21T00:00:00Z by "admin" with MS VC++ 17.12 (VS2022)

END.
